2023-07-29 14:41:09,505 [main] INFO open log page - open page
2023-07-29 14:41:11,221 [main] INFO open log page - close page
2023-07-29 14:42:32,608 [main] INFO open log page - open page
2023-07-29 14:42:34,047 [main] INFO open log page - close page
2023-07-29 14:50:15,063 [main] INFO open log page - open page
2023-07-29 14:50:16,497 [main] INFO open log page - close page
2023-07-29 14:52:51,041 [main] INFO open log page - open page
2023-07-29 14:52:52,645 [main] INFO open log page - close page
2023-07-29 14:57:43,845 [main] INFO open log page - open page
2023-07-29 14:57:46,234 [main] INFO open log page - close page
2023-07-29 15:10:45,279 [main] INFO open log page - open page
2023-07-29 15:10:47,159 [main] INFO open log page - close page
2023-07-29 15:22:03,734 [main] INFO open log page - open page
2023-07-29 15:22:05,968 [main] INFO open log page - close page
2023-07-29 15:27:21,587 [main] INFO open log page - open page
2023-07-29 15:27:27,099 [main] INFO open log page - enter username
2023-07-29 15:27:31,231 [main] INFO open log page - enter password
2023-07-29 15:27:35,431 [main] INFO open log page - click on login button
2023-07-29 15:27:36,062 [main] INFO open log page - close page
2023-07-29 15:31:33,998 [main] INFO open log page - open page
2023-07-29 15:31:47,914 [main] INFO open log page - enter username
2023-07-29 15:31:52,013 [main] INFO open log page - enter password
2023-07-29 15:31:56,183 [main] INFO open log page - click on login button
2023-07-29 15:31:56,551 [main] INFO open log page - close page
2023-07-29 15:32:58,365 [main] INFO open log page - open page
2023-07-29 15:33:03,073 [main] INFO open log page - close page
2023-07-29 15:33:17,356 [main] INFO open log page - open page
2023-07-29 15:33:20,326 [main] INFO open log page - enter username
2023-07-29 15:33:20,411 [main] INFO open log page - enter password
2023-07-29 15:33:20,537 [main] INFO open log page - click on login button
2023-07-29 15:33:20,574 [main] INFO open log page - Right title
2023-07-29 15:33:21,177 [main] INFO open log page - close page
2023-07-29 15:50:03,170 [main] INFO open log page - open page
2023-07-29 15:50:04,421 [main] INFO open log page - enter username
2023-07-29 15:50:04,533 [main] INFO open log page - enter password
2023-07-29 15:50:04,689 [main] INFO open log page - click on login button
2023-07-29 15:50:05,174 [main] INFO open log page - close page
2023-07-29 15:50:06,622 [main] INFO open log page - open page
2023-07-29 15:50:07,617 [main] INFO open log page - enter username
2023-07-29 15:50:07,738 [main] INFO open log page - enter password
2023-07-29 15:50:07,882 [main] INFO open log page - click on login button
2023-07-29 15:50:08,633 [main] INFO open log page - close page
2023-07-29 15:50:59,764 [main] INFO open log page - open page
2023-07-29 15:51:00,954 [main] INFO open log page - enter username
2023-07-29 15:51:01,062 [main] INFO open log page - enter password
2023-07-29 15:51:01,189 [main] INFO open log page - click on login button
2023-07-29 15:51:01,576 [main] INFO open log page - close page
2023-07-29 15:51:03,165 [main] INFO open log page - open page
2023-07-29 15:51:04,220 [main] INFO open log page - enter username
2023-07-29 15:51:04,331 [main] INFO open log page - enter password
2023-07-29 15:51:04,477 [main] INFO open log page - click on login button
2023-07-29 15:51:05,037 [main] INFO open log page - close page
2023-07-29 15:53:17,786 [main] INFO open log page - open page
2023-07-29 15:53:18,948 [main] INFO open log page - enter username
2023-07-29 15:53:19,051 [main] INFO open log page - enter password
2023-07-29 15:53:19,186 [main] INFO open log page - click on login button
2023-07-29 15:53:19,657 [main] INFO open log page - close page
2023-07-29 15:53:21,172 [main] INFO open log page - open page
2023-07-29 15:53:22,225 [main] INFO open log page - enter username
2023-07-29 15:53:22,343 [main] INFO open log page - enter password
2023-07-29 15:53:22,490 [main] INFO open log page - click on login button
2023-07-29 15:53:23,097 [main] INFO open log page - close page
2023-07-29 15:55:19,988 [main] INFO open log page - open page
2023-07-29 15:55:21,183 [main] INFO open log page - enter username
2023-07-29 15:55:21,290 [main] INFO open log page - enter password
2023-07-29 15:55:21,421 [main] INFO open log page - click on login button
2023-07-29 15:55:21,813 [main] INFO open log page - close page
2023-07-29 15:55:23,148 [main] INFO open log page - open page
2023-07-29 15:55:24,168 [main] INFO open log page - enter username
2023-07-29 15:55:24,306 [main] INFO open log page - enter password
2023-07-29 15:55:24,451 [main] INFO open log page - click on login button
2023-07-29 15:55:25,113 [main] INFO open log page - close page
2023-07-29 15:56:59,296 [main] INFO open log page - open page
2023-07-29 15:57:00,481 [main] INFO open log page - enter username
2023-07-29 15:57:00,584 [main] INFO open log page - enter password
2023-07-29 15:57:00,692 [main] INFO open log page - click on login button
2023-07-29 15:57:01,101 [main] INFO open log page - close page
2023-07-29 15:57:02,486 [main] INFO open log page - open page
2023-07-29 15:57:03,699 [main] INFO open log page - enter username
2023-07-29 15:57:03,831 [main] INFO open log page - enter password
2023-07-29 15:57:03,981 [main] INFO open log page - click on login button
2023-07-29 15:57:04,671 [main] INFO open log page - close page
2023-07-29 16:12:25,634 [main] INFO open log page - open page
2023-07-29 16:12:25,749 [main] INFO open log page - open page
2023-07-29 16:12:28,093 [main] INFO open log page - enter username
2023-07-29 16:12:28,161 [main] INFO open log page - enter username
2023-07-29 16:12:28,308 [main] INFO open log page - enter password
2023-07-29 16:12:28,484 [main] INFO open log page - enter password
2023-07-29 16:12:28,676 [main] INFO open log page - click on login button
2023-07-29 16:12:28,849 [main] INFO open log page - Right title
2023-07-29 16:12:29,066 [main] INFO open log page - click on login button
2023-07-29 16:12:29,081 [main] INFO open log page - Right title
2023-07-29 16:12:29,664 [main] INFO open log page - close page
2023-07-29 16:12:29,680 [main] INFO open log page - close page
2023-07-29 16:14:01,989 [main] INFO open log page - open page
2023-07-29 16:14:03,607 [main] INFO open log page - enter username
2023-07-29 16:14:03,716 [main] INFO open log page - enter password
2023-07-29 16:14:03,905 [main] INFO open log page - click on login button
2023-07-29 16:14:03,932 [main] INFO open log page - Right title
2023-07-29 16:14:04,356 [main] INFO open log page - close page
2023-07-29 16:18:31,641 [main] INFO open log page - open page
2023-07-29 16:18:32,913 [main] INFO open log page - enter username
2023-07-29 16:18:33,033 [main] INFO open log page - enter password
2023-07-29 16:18:33,188 [main] INFO open log page - click on login button
2023-07-29 16:18:33,717 [main] INFO open log page - close page
2023-07-29 16:18:35,337 [main] INFO open log page - open page
2023-07-29 16:18:36,346 [main] INFO open log page - enter username
2023-07-29 16:18:36,458 [main] INFO open log page - enter password
2023-07-29 16:18:36,600 [main] INFO open log page - click on login button
2023-07-29 16:18:37,356 [main] INFO open log page - close page
2023-07-29 16:18:38,899 [main] INFO open log page - open page
2023-07-29 16:18:41,439 [main] INFO open log page - enter username
2023-07-29 16:18:41,553 [main] INFO open log page - enter password
2023-07-29 16:18:41,647 [main] INFO open log page - click on login button
2023-07-29 16:18:41,930 [main] INFO open log page - close page
2023-07-29 16:18:43,453 [main] INFO open log page - open page
2023-07-29 16:18:44,870 [main] INFO open log page - enter username
2023-07-29 16:18:44,990 [main] INFO open log page - enter password
2023-07-29 16:18:45,076 [main] INFO open log page - click on login button
2023-07-29 16:18:45,361 [main] INFO open log page - close page
2023-07-29 16:18:46,855 [main] INFO open log page - open page
2023-07-29 16:18:47,799 [main] INFO open log page - enter username
2023-07-29 16:18:47,929 [main] INFO open log page - enter password
2023-07-29 16:18:48,011 [main] INFO open log page - click on login button
2023-07-29 16:18:48,288 [main] INFO open log page - close page
2023-07-29 16:18:49,819 [main] INFO open log page - open page
2023-07-29 16:18:51,855 [main] INFO open log page - enter username
2023-07-29 16:18:51,990 [main] INFO open log page - enter password
2023-07-29 16:18:52,095 [main] INFO open log page - click on login button
2023-07-29 16:18:52,390 [main] INFO open log page - close page
2023-07-29 16:18:54,551 [main] INFO open log page - open page
2023-07-29 16:18:55,667 [main] INFO open log page - enter username
2023-07-29 16:18:55,758 [main] INFO open log page - enter password
2023-07-29 16:18:55,843 [main] INFO open log page - click on login button
2023-07-29 16:18:56,116 [main] INFO open log page - close page
2023-07-29 16:19:49,961 [main] INFO open log page - open page
2023-07-29 16:19:51,090 [main] INFO open log page - enter username
2023-07-29 16:19:51,209 [main] INFO open log page - enter password
2023-07-29 16:19:51,370 [main] INFO open log page - click on login button
2023-07-29 16:19:51,843 [main] INFO open log page - close page
2023-07-29 16:19:53,308 [main] INFO open log page - open page
2023-07-29 16:19:54,304 [main] INFO open log page - enter username
2023-07-29 16:19:54,421 [main] INFO open log page - enter password
2023-07-29 16:19:54,624 [main] INFO open log page - click on login button
2023-07-29 16:19:55,191 [main] INFO open log page - close page
2023-07-29 16:19:56,594 [main] INFO open log page - open page
2023-07-29 16:19:57,636 [main] INFO open log page - enter username
2023-07-29 16:19:57,755 [main] INFO open log page - enter password
2023-07-29 16:19:57,839 [main] INFO open log page - click on login button
2023-07-29 16:19:58,100 [main] INFO open log page - close page
2023-07-29 16:19:59,390 [main] INFO open log page - open page
2023-07-29 16:20:00,863 [main] INFO open log page - enter username
2023-07-29 16:20:00,955 [main] INFO open log page - enter password
2023-07-29 16:20:01,028 [main] INFO open log page - click on login button
2023-07-29 16:20:01,675 [main] INFO open log page - close page
2023-07-29 16:20:03,025 [main] INFO open log page - open page
2023-07-29 16:20:04,057 [main] INFO open log page - enter username
2023-07-29 16:20:04,177 [main] INFO open log page - enter password
2023-07-29 16:20:04,258 [main] INFO open log page - click on login button
2023-07-29 16:20:04,484 [main] INFO open log page - close page
2023-07-29 16:20:06,844 [main] INFO open log page - open page
2023-07-29 16:20:07,817 [main] INFO open log page - enter username
2023-07-29 16:20:07,946 [main] INFO open log page - enter password
2023-07-29 16:20:08,027 [main] INFO open log page - click on login button
2023-07-29 16:20:08,366 [main] INFO open log page - close page
2023-07-29 16:20:09,710 [main] INFO open log page - open page
2023-07-29 16:20:10,730 [main] INFO open log page - enter username
2023-07-29 16:20:10,852 [main] INFO open log page - enter password
2023-07-29 16:20:10,939 [main] INFO open log page - click on login button
2023-07-29 16:20:11,188 [main] INFO open log page - close page
2023-07-29 16:20:12,562 [main] INFO open log page - open page
2023-07-29 16:20:13,571 [main] INFO open log page - enter username
2023-07-29 16:20:13,693 [main] INFO open log page - enter password
2023-07-29 16:20:13,777 [main] INFO open log page - click on login button
2023-07-29 16:20:14,053 [main] INFO open log page - close page
2023-07-29 16:20:15,407 [main] INFO open log page - open page
2023-07-29 16:20:17,419 [main] INFO open log page - enter username
2023-07-29 16:20:17,537 [main] INFO open log page - enter password
2023-07-29 16:20:17,626 [main] INFO open log page - click on login button
2023-07-29 16:20:17,950 [main] INFO open log page - close page
2023-07-29 16:20:19,339 [main] INFO open log page - open page
2023-07-29 16:20:20,406 [main] INFO open log page - enter username
2023-07-29 16:20:20,532 [main] INFO open log page - enter password
2023-07-29 16:20:20,616 [main] INFO open log page - click on login button
2023-07-29 16:20:21,059 [main] INFO open log page - close page
2023-07-29 16:20:22,369 [main] INFO open log page - open page
2023-07-29 16:20:23,277 [main] INFO open log page - enter username
2023-07-29 16:20:23,359 [main] INFO open log page - enter password
2023-07-29 16:20:23,453 [main] INFO open log page - click on login button
2023-07-29 16:20:23,727 [main] INFO open log page - close page
2023-07-29 16:20:25,102 [main] INFO open log page - open page
2023-07-29 16:20:26,073 [main] INFO open log page - enter username
2023-07-29 16:20:26,156 [main] INFO open log page - enter password
2023-07-29 16:20:26,249 [main] INFO open log page - click on login button
2023-07-29 16:20:26,878 [main] INFO open log page - close page
2023-07-29 16:21:47,679 [main] INFO open log page - open page
2023-07-29 16:21:49,011 [main] INFO open log page - enter username
2023-07-29 16:21:49,112 [main] INFO open log page - enter password
2023-07-29 16:21:49,334 [main] INFO open log page - click on login button
2023-07-29 16:21:49,810 [main] INFO open log page - close page
2023-07-29 16:21:51,258 [main] INFO open log page - open page
2023-07-29 16:21:52,281 [main] INFO open log page - enter username
2023-07-29 16:21:52,402 [main] INFO open log page - enter password
2023-07-29 16:21:52,543 [main] INFO open log page - click on login button
2023-07-29 16:21:52,992 [main] INFO open log page - close page
2023-07-29 16:21:54,326 [main] INFO open log page - open page
2023-07-29 16:21:55,337 [main] INFO open log page - enter username
2023-07-29 16:21:55,457 [main] INFO open log page - enter password
2023-07-29 16:21:55,548 [main] INFO open log page - click on login button
2023-07-29 16:21:55,871 [main] INFO open log page - close page
2023-07-29 16:21:57,162 [main] INFO open log page - open page
2023-07-29 16:21:59,493 [main] INFO open log page - enter username
2023-07-29 16:21:59,620 [main] INFO open log page - enter password
2023-07-29 16:21:59,712 [main] INFO open log page - click on login button
2023-07-29 16:22:00,112 [main] INFO open log page - close page
2023-07-29 16:22:01,559 [main] INFO open log page - open page
2023-07-29 16:22:02,743 [main] INFO open log page - enter username
2023-07-29 16:22:02,838 [main] INFO open log page - enter password
2023-07-29 16:22:02,914 [main] INFO open log page - click on login button
2023-07-29 16:22:03,386 [main] INFO open log page - close page
2023-07-29 16:22:05,144 [main] INFO open log page - open page
2023-07-29 16:22:06,158 [main] INFO open log page - enter username
2023-07-29 16:22:06,293 [main] INFO open log page - enter password
2023-07-29 16:22:06,372 [main] INFO open log page - click on login button
2023-07-29 16:22:06,661 [main] INFO open log page - close page
2023-07-29 16:22:08,141 [main] INFO open log page - open page
2023-07-29 16:22:10,153 [main] INFO open log page - enter username
2023-07-29 16:22:10,247 [main] INFO open log page - enter password
2023-07-29 16:22:10,336 [main] INFO open log page - click on login button
2023-07-29 16:22:10,612 [main] INFO open log page - close page
2023-07-29 16:24:07,696 [main] INFO open log page - open page
2023-07-29 16:24:08,892 [main] INFO open log page - enter username
2023-07-29 16:24:09,002 [main] INFO open log page - enter password
2023-07-29 16:24:09,154 [main] INFO open log page - click on login button
2023-07-29 16:24:09,235 [main] INFO open log page - Right title
2023-07-29 16:24:09,615 [main] INFO open log page - close page
2023-07-29 16:24:11,729 [main] INFO open log page - open page
2023-07-29 16:24:13,107 [main] INFO open log page - enter username
2023-07-29 16:24:13,220 [main] INFO open log page - enter password
2023-07-29 16:24:13,302 [main] INFO open log page - click on login button
2023-07-29 16:24:13,644 [main] INFO open log page - close page
2023-07-29 16:24:16,042 [main] INFO open log page - open page
2023-07-29 16:24:17,027 [main] INFO open log page - enter username
2023-07-29 16:24:17,151 [main] INFO open log page - enter password
2023-07-29 16:24:17,235 [main] INFO open log page - click on login button
2023-07-29 16:24:17,520 [main] INFO open log page - close page
2023-07-29 16:24:18,906 [main] INFO open log page - open page
2023-07-29 16:24:20,390 [main] INFO open log page - enter username
2023-07-29 16:24:20,508 [main] INFO open log page - enter password
2023-07-29 16:24:20,592 [main] INFO open log page - click on login button
2023-07-29 16:24:20,861 [main] INFO open log page - close page
2023-07-29 16:24:22,810 [main] INFO open log page - open page
2023-07-29 16:24:24,600 [main] INFO open log page - enter username
2023-07-29 16:24:24,730 [main] INFO open log page - enter password
2023-07-29 16:24:24,830 [main] INFO open log page - click on login button
2023-07-29 16:24:25,718 [main] INFO open log page - close page
2023-07-29 16:24:27,478 [main] INFO open log page - open page
2023-07-29 16:24:28,502 [main] INFO open log page - enter username
2023-07-29 16:24:28,635 [main] INFO open log page - enter password
2023-07-29 16:24:28,729 [main] INFO open log page - click on login button
2023-07-29 16:24:29,039 [main] INFO open log page - close page
2023-07-29 16:24:30,704 [main] INFO open log page - open page
2023-07-29 16:24:33,696 [main] INFO open log page - enter username
2023-07-29 16:24:33,819 [main] INFO open log page - enter password
2023-07-29 16:24:33,903 [main] INFO open log page - click on login button
2023-07-29 16:24:34,175 [main] INFO open log page - close page
2023-07-29 16:24:35,795 [main] INFO open log page - open page
2023-07-29 16:24:36,961 [main] INFO open log page - enter username
2023-07-29 16:24:37,083 [main] INFO open log page - enter password
2023-07-29 16:24:37,195 [main] INFO open log page - click on login button
2023-07-29 16:24:37,557 [main] INFO open log page - close page
2023-07-29 16:24:39,110 [main] INFO open log page - open page
2023-07-29 16:24:40,149 [main] INFO open log page - enter username
2023-07-29 16:24:40,267 [main] INFO open log page - enter password
2023-07-29 16:24:40,360 [main] INFO open log page - click on login button
2023-07-29 16:24:40,714 [main] INFO open log page - close page
2023-07-29 16:24:43,727 [main] INFO open log page - open page
2023-07-29 16:24:44,731 [main] INFO open log page - enter username
2023-07-29 16:24:44,806 [main] INFO open log page - enter password
2023-07-29 16:24:44,892 [main] INFO open log page - click on login button
2023-07-29 16:24:45,150 [main] INFO open log page - close page
2023-07-29 16:24:46,923 [main] INFO open log page - open page
2023-07-29 16:24:47,990 [main] INFO open log page - enter username
2023-07-29 16:24:48,066 [main] INFO open log page - enter password
2023-07-29 16:24:48,156 [main] INFO open log page - click on login button
2023-07-29 16:24:48,424 [main] INFO open log page - close page
2023-07-29 16:25:35,199 [main] INFO open log page - open page
2023-07-29 16:25:36,433 [main] INFO open log page - enter username
2023-07-29 16:25:36,548 [main] INFO open log page - enter password
2023-07-29 16:25:36,671 [main] INFO open log page - click on login button
2023-07-29 16:25:36,702 [main] INFO open log page - Right title
2023-07-29 16:25:37,330 [main] INFO open log page - close page
2023-07-29 16:25:38,750 [main] INFO open log page - open page
2023-07-29 16:25:39,736 [main] INFO open log page - enter username
2023-07-29 16:25:39,860 [main] INFO open log page - enter password
2023-07-29 16:25:39,943 [main] INFO open log page - click on login button
2023-07-29 16:25:39,953 [main] INFO open log page - Right title
2023-07-29 16:25:40,206 [main] INFO open log page - close page
2023-07-29 16:25:41,550 [main] INFO open log page - open page
2023-07-29 16:25:43,275 [main] INFO open log page - enter username
2023-07-29 16:25:43,405 [main] INFO open log page - enter password
2023-07-29 16:25:43,485 [main] INFO open log page - click on login button
2023-07-29 16:25:43,499 [main] INFO open log page - Right title
2023-07-29 16:25:43,755 [main] INFO open log page - close page
2023-07-29 16:25:45,131 [main] INFO open log page - open page
2023-07-29 16:25:46,151 [main] INFO open log page - enter username
2023-07-29 16:25:46,278 [main] INFO open log page - enter password
2023-07-29 16:25:46,357 [main] INFO open log page - click on login button
2023-07-29 16:25:46,373 [main] INFO open log page - Right title
2023-07-29 16:25:47,061 [main] INFO open log page - close page
2023-07-29 16:25:49,781 [main] INFO open log page - open page
2023-07-29 16:25:50,719 [main] INFO open log page - enter username
2023-07-29 16:25:50,842 [main] INFO open log page - enter password
2023-07-29 16:25:50,932 [main] INFO open log page - click on login button
2023-07-29 16:25:50,944 [main] INFO open log page - Right title
2023-07-29 16:25:51,222 [main] INFO open log page - close page
2023-07-29 16:25:52,564 [main] INFO open log page - open page
2023-07-29 16:25:53,607 [main] INFO open log page - enter username
2023-07-29 16:25:53,691 [main] INFO open log page - enter password
2023-07-29 16:25:53,781 [main] INFO open log page - click on login button
2023-07-29 16:25:53,796 [main] INFO open log page - Right title
2023-07-29 16:25:54,013 [main] INFO open log page - close page
2023-07-29 16:28:17,258 [main] INFO open log page - open page
2023-07-29 16:28:21,489 [main] INFO open log page - enter username
2023-07-29 16:28:21,591 [main] INFO open log page - enter password
2023-07-29 16:28:21,703 [main] INFO open log page - click on login button
2023-07-29 16:28:21,735 [main] INFO open log page - Right title
2023-07-29 16:28:22,110 [main] INFO open log page - close page
2023-07-29 16:28:23,461 [main] INFO open log page - open page
2023-07-29 16:28:26,658 [main] INFO open log page - enter username
2023-07-29 16:28:26,777 [main] INFO open log page - enter password
2023-07-29 16:28:26,884 [main] INFO open log page - click on login button
2023-07-29 16:28:26,896 [main] INFO open log page - Right title
2023-07-29 16:28:27,163 [main] INFO open log page - close page
2023-07-29 16:28:28,499 [main] INFO open log page - open page
2023-07-29 16:28:30,949 [main] INFO open log page - enter username
2023-07-29 16:28:31,044 [main] INFO open log page - enter password
2023-07-29 16:28:31,142 [main] INFO open log page - click on login button
2023-07-29 16:28:31,158 [main] INFO open log page - Right title
2023-07-29 16:28:31,408 [main] INFO open log page - close page
2023-07-29 16:28:32,680 [main] INFO open log page - open page
2023-07-29 16:28:34,128 [main] INFO open log page - enter username
2023-07-29 16:28:34,220 [main] INFO open log page - enter password
2023-07-29 16:28:34,289 [main] INFO open log page - click on login button
2023-07-29 16:28:34,298 [main] INFO open log page - Right title
2023-07-29 16:28:34,701 [main] INFO open log page - close page
2023-07-29 16:28:36,025 [main] INFO open log page - open page
2023-07-29 16:28:37,111 [main] INFO open log page - enter username
2023-07-29 16:28:37,229 [main] INFO open log page - enter password
2023-07-29 16:28:37,325 [main] INFO open log page - click on login button
2023-07-29 16:28:37,339 [main] INFO open log page - Right title
2023-07-29 16:28:37,590 [main] INFO open log page - close page
2023-07-29 16:28:38,957 [main] INFO open log page - open page
2023-07-29 16:28:40,843 [main] INFO open log page - enter username
2023-07-29 16:28:40,906 [main] INFO open log page - enter password
2023-07-29 16:28:41,003 [main] INFO open log page - click on login button
2023-07-29 16:28:41,014 [main] INFO open log page - Right title
2023-07-29 16:28:41,269 [main] INFO open log page - close page
2023-07-29 16:33:32,104 [main] INFO open log page - open page
2023-07-29 16:34:13,619 [main] INFO open log page - close page
2023-07-29 16:49:07,341 [main] INFO open log page - open page
2023-07-29 16:49:08,907 [main] INFO open log page - enter username
2023-07-29 16:49:09,047 [main] INFO open log page - enter password
2023-07-29 16:49:09,208 [main] INFO open log page - click on login button
2023-07-29 16:49:09,628 [main] INFO open log page - close page
2023-07-29 16:49:11,461 [main] INFO open log page - open page
2023-07-29 16:49:12,832 [main] INFO open log page - enter username
2023-07-29 16:49:12,948 [main] INFO open log page - enter password
2023-07-29 16:49:13,160 [main] INFO open log page - click on login button
2023-07-29 16:49:13,831 [main] INFO open log page - close page
2023-07-29 16:49:48,878 [main] INFO open log page - open page
2023-07-29 16:49:50,094 [main] INFO open log page - enter username
2023-07-29 16:49:50,209 [main] INFO open log page - enter password
2023-07-29 16:49:50,391 [main] INFO open log page - click on login button
2023-07-29 16:49:50,463 [main] INFO open log page - Right title
2023-07-29 16:49:50,814 [main] INFO open log page - close page
