2023-07-20 13:40:58,056 - open url -INFO - open page
2023-07-20 13:41:00,610 - open url -INFO - open ecomerse app
2023-07-20 13:41:01,342 - open url -INFO - open login
2023-07-20 13:41:01,444 - open url -INFO - enter username
2023-07-20 13:41:01,539 - open url -INFO - enter password
2023-07-20 13:41:01,607 - open url -INFO - click on loginbutton
2023-07-20 13:41:01,626 - open url -INFO - show page title
2023-07-20 13:41:07,662 - open url -INFO - close browser
2023-07-20 13:45:29,491 - open url -INFO - open page
2023-07-20 13:45:32,127 - open url -INFO - open ecomerse app
2023-07-20 13:45:32,818 - open url -INFO - open login
2023-07-20 13:45:32,944 - open url -INFO - enter username
2023-07-20 13:45:33,048 - open url -INFO - enter password
2023-07-20 13:45:33,122 - open url -INFO - click on loginbutton
2023-07-20 13:45:33,136 - open url -INFO - show page title
2023-07-20 13:45:39,155 - open url -INFO - close browser
2023-07-20 13:46:36,660 - open url -INFO - open page
2023-07-20 13:46:39,262 - open url -INFO - open ecomerse app
2023-07-20 13:46:41,054 - open url -INFO - open login
2023-07-20 13:46:46,155 - open url -INFO - enter username
2023-07-20 13:46:51,280 - open url -INFO - enter password
2023-07-20 13:46:51,436 - open url -INFO - click on loginbutton
2023-07-20 13:46:51,452 - open url -INFO - show page title
2023-07-20 13:46:57,465 - open url -INFO - close browser
2023-07-20 16:26:39,354 - open url -INFO - open page
2023-07-20 16:26:42,394 - open url -INFO - open ecomerse app
2023-07-20 16:26:43,054 - open url -INFO - open login
2023-07-20 16:26:48,180 - open url -INFO - enter username
2023-07-20 16:26:53,296 - open url -INFO - enter password
2023-07-20 16:26:55,726 - open url -INFO - click on loginbutton
2023-07-20 16:26:55,787 - open url -INFO - show page title
2023-07-20 16:27:01,819 - open url -INFO - close browser
2023-07-20 16:31:38,683 - open url -INFO - open page
2023-07-20 16:31:40,931 - open url -INFO - open ecomerse app
2023-07-20 16:31:41,599 - open url -INFO - regester here
2023-07-20 16:31:41,675 - open url -INFO - male user
2023-07-20 16:31:41,769 - open url -INFO - enter name
2023-07-20 16:31:41,869 - open url -INFO - enter lastname
2023-07-20 16:31:43,454 - open url -INFO - select day
2023-07-20 16:31:43,940 - open url -INFO - select month
2023-07-20 16:31:48,475 - open url -INFO - select year
2023-07-20 16:31:48,578 - open url -INFO - enter email
2023-07-20 16:31:51,617 - open url -INFO - scroll down till element
2023-07-20 16:31:54,724 - open url -INFO - enter password
2023-07-20 16:31:54,833 - open url -INFO - confirm pass
2023-07-20 16:32:21,562 - open url -INFO - close browser
2023-07-20 16:33:34,075 - open url -INFO - open page
2023-07-20 16:33:36,771 - open url -INFO - open ecomerse app
2023-07-20 16:33:37,420 - open url -INFO - regester here
2023-07-20 16:33:37,503 - open url -INFO - male user
2023-07-20 16:33:37,598 - open url -INFO - enter name
2023-07-20 16:33:37,686 - open url -INFO - enter lastname
2023-07-20 16:33:38,787 - open url -INFO - select day
2023-07-20 16:33:39,205 - open url -INFO - select month
2023-07-20 16:33:43,407 - open url -INFO - select year
2023-07-20 16:33:43,503 - open url -INFO - enter email
2023-07-20 16:33:46,543 - open url -INFO - scroll down till element
2023-07-20 16:33:49,653 - open url -INFO - enter password
2023-07-20 16:33:49,744 - open url -INFO - confirm pass
2023-07-20 16:33:51,225 - open url -INFO - done
2023-07-20 16:33:57,242 - open url -INFO - close browser
2023-07-20 17:01:31,920 - open url -INFO - open page
2023-07-20 17:01:34,438 - open url -INFO - open ecomerse app
2023-07-20 17:01:36,222 - open url -INFO - open login
2023-07-20 17:01:41,399 - open url -INFO - enter username
2023-07-20 17:01:46,504 - open url -INFO - enter password
2023-07-20 17:01:47,840 - open url -INFO - click on loginbutton
2023-07-20 17:01:47,853 - open url -INFO - show page title
2023-07-20 17:01:53,893 - open url -INFO - close browser
2023-07-21 11:51:07,215 - open url -INFO - open page
2023-07-21 11:51:10,784 - open url -INFO - open ecomerse app
2023-07-21 11:51:12,481 - open url -INFO - open login
2023-07-21 11:51:17,651 - open url -INFO - enter username
2023-07-21 11:51:22,850 - open url -INFO - enter password
2023-07-21 11:51:24,388 - open url -INFO - click on loginbutton
2023-07-21 11:51:24,401 - open url -INFO - show page title
2023-07-21 11:51:30,422 - open url -INFO - close browser
2023-07-21 11:54:33,674 - open url -INFO - open page
2023-07-21 11:54:35,865 - open url -INFO - open ecomerse app
2023-07-21 11:54:36,736 - open url -INFO - open login
2023-07-21 11:54:42,163 - open url -INFO - enter username
2023-07-21 11:54:47,367 - open url -INFO - enter password
2023-07-21 11:54:48,753 - open url -INFO - click on loginbutton
2023-07-21 11:54:48,764 - open url -INFO - show page title
2023-07-21 11:54:54,841 - open url -INFO - close browser
2023-07-21 11:56:52,324 - open url -INFO - open page
2023-07-21 11:56:54,685 - open url -INFO - open ecomerse app
2023-07-21 11:56:56,247 - open url -INFO - open login
2023-07-21 11:57:01,365 - open url -INFO - enter username
2023-07-21 11:57:06,628 - open url -INFO - enter password
2023-07-21 11:57:08,485 - open url -INFO - click on loginbutton
2023-07-21 11:57:08,495 - open url -INFO - show page title
2023-07-21 11:57:14,547 - open url -INFO - close browser
2023-07-21 12:49:07,304 - open url -INFO - open page
2023-07-21 12:49:09,490 - open url -INFO - open ecomerse app
2023-07-21 12:49:10,678 - open url -INFO - open login
2023-07-21 12:49:15,839 - open url -INFO - enter username
2023-07-21 12:49:21,022 - open url -INFO - enter password
2023-07-21 12:49:22,504 - open url -INFO - click on loginbutton
2023-07-21 12:49:22,515 - open url -INFO - show page title
2023-07-21 12:49:28,564 - open url -INFO - close browser
2023-07-21 12:52:22,964 - open url -INFO - open page
2023-07-21 12:52:25,258 - open url -INFO - open ecomerse app
2023-07-21 12:52:26,866 - open url -INFO - open login
2023-07-21 12:52:32,009 - open url -INFO - enter username
2023-07-21 12:52:37,155 - open url -INFO - enter password
2023-07-21 12:52:38,567 - open url -INFO - click on loginbutton
2023-07-21 12:52:38,576 - open url -INFO - show page title
2023-07-21 12:52:44,649 - open url -INFO - close browser
2023-07-21 12:55:33,354 - open url -INFO - open page
2023-07-21 12:55:35,250 - open url -INFO - open ecomerse app
2023-07-21 12:55:36,728 - open url -INFO - open login
2023-07-21 12:55:41,859 - open url -INFO - enter username
2023-07-21 12:55:47,006 - open url -INFO - enter password
2023-07-21 12:55:48,621 - open url -INFO - click on loginbutton
2023-07-21 12:55:48,644 - open url -INFO - show page title
2023-07-21 12:55:54,691 - open url -INFO - close browser
2023-07-21 12:57:10,708 - open url -INFO - open page
2023-07-21 12:57:12,101 - open url -INFO - open ecomerse app
2023-07-21 12:57:13,520 - open url -INFO - open login
2023-07-21 12:57:18,658 - open url -INFO - enter username
2023-07-21 12:57:23,804 - open url -INFO - enter password
2023-07-21 12:57:25,336 - open url -INFO - click on loginbutton
2023-07-21 12:57:25,349 - open url -INFO - show page title
2023-07-21 12:57:31,404 - open url -INFO - close browser
2023-07-21 12:59:43,124 - open url -INFO - open page
2023-07-21 12:59:45,758 - open url -INFO - open ecomerse app
2023-07-21 12:59:47,164 - open url -INFO - open login
2023-07-21 12:59:52,283 - open url -INFO - enter username
2023-07-21 12:59:57,422 - open url -INFO - enter password
2023-07-21 12:59:59,199 - open url -INFO - click on loginbutton
2023-07-21 12:59:59,208 - open url -INFO - show page title
2023-07-21 13:00:05,255 - open url -INFO - close browser
2023-07-21 13:02:05,574 - open url -INFO - open page
2023-07-21 13:02:08,451 - open url -INFO - open ecomerse app
2023-07-21 13:02:09,610 - open url -INFO - open login
2023-07-21 13:02:14,711 - open url -INFO - enter username
2023-07-21 13:02:19,854 - open url -INFO - enter password
2023-07-21 13:02:21,398 - open url -INFO - click on loginbutton
2023-07-21 13:02:21,412 - open url -INFO - show page title
2023-07-21 13:02:27,484 - open url -INFO - close browser
2023-07-21 13:03:45,106 - open url -INFO - open page
2023-07-21 13:03:48,158 - open url -INFO - open ecomerse app
2023-07-21 13:03:49,300 - open url -INFO - open login
2023-07-21 13:03:54,451 - open url -INFO - enter username
2023-07-21 13:03:59,650 - open url -INFO - enter password
2023-07-21 13:04:01,563 - open url -INFO - click on loginbutton
2023-07-21 13:04:01,578 - open url -INFO - show page title
2023-07-21 13:04:07,635 - open url -INFO - close browser
2023-07-21 13:08:11,299 - open url -INFO - open page
2023-07-21 13:08:13,512 - open url -INFO - open ecomerse app
2023-07-21 13:08:15,008 - open url -INFO - open login
2023-07-21 13:08:20,115 - open url -INFO - enter username
2023-07-21 13:08:25,254 - open url -INFO - enter password
2023-07-21 13:08:26,705 - open url -INFO - click on loginbutton
2023-07-21 13:08:26,720 - open url -INFO - show page title
2023-07-21 13:08:32,795 - open url -INFO - close browser
2023-07-21 13:18:46,957 - open url -INFO - open page
2023-07-21 13:18:49,222 - open url -INFO - open ecomerse app
2023-07-21 13:18:50,909 - open url -INFO - open login
2023-07-21 13:18:56,057 - open url -INFO - enter username
2023-07-21 13:19:01,270 - open url -INFO - enter password
2023-07-21 13:19:03,089 - open url -INFO - click on loginbutton
2023-07-21 13:19:03,103 - open url -INFO - show page title
2023-07-21 13:19:09,143 - open url -INFO - close browser
2023-07-21 13:20:25,536 - open url -INFO - open page
2023-07-21 13:20:27,852 - open url -INFO - open ecomerse app
2023-07-21 13:20:29,291 - open url -INFO - open login
2023-07-21 13:20:34,417 - open url -INFO - enter username
2023-07-21 13:20:39,666 - open url -INFO - enter password
2023-07-21 13:20:41,463 - open url -INFO - click on loginbutton
2023-07-21 13:20:41,489 - open url -INFO - show page title
2023-07-21 13:20:47,559 - open url -INFO - close browser
2023-07-21 13:46:18,775 - open url -INFO - open page
2023-07-21 13:46:21,706 - open url -INFO - open ecomerse app
2023-07-21 13:46:23,372 - open url -INFO - open login
2023-07-21 13:46:28,542 - open url -INFO - enter username
2023-07-21 13:46:33,744 - open url -INFO - enter password
2023-07-21 13:46:35,401 - open url -INFO - click on loginbutton
2023-07-21 13:46:35,412 - open url -INFO - show page title
2023-07-21 13:46:41,461 - open url -INFO - close browser
2023-07-21 13:46:43,846 - open url -INFO - open page
2023-07-21 13:46:46,014 - open url -INFO - open ecomerse app
2023-07-21 13:46:46,871 - open url -INFO - open login
2023-07-21 13:46:51,982 - open url -INFO - enter username
2023-07-21 13:46:57,116 - open url -INFO - enter password
2023-07-21 13:46:58,755 - open url -INFO - click on loginbutton
2023-07-21 13:46:58,767 - open url -INFO - show page title
2023-07-21 13:47:04,791 - open url -INFO - close browser
2023-07-21 13:47:07,492 - open url -INFO - open page
2023-07-21 13:47:09,614 - open url -INFO - open ecomerse app
2023-07-21 13:47:10,722 - open url -INFO - open login
2023-07-21 13:47:16,000 - open url -INFO - enter username
2023-07-21 13:47:21,104 - open url -INFO - enter password
2023-07-21 13:47:22,387 - open url -INFO - click on loginbutton
2023-07-21 13:47:22,401 - open url -INFO - show page title
2023-07-21 13:47:28,433 - open url -INFO - close browser
2023-07-21 15:45:21,939 - open url -INFO - open page
2023-07-21 15:45:27,491 - open url -INFO - open ecomerse app
2023-07-21 15:46:33,461 - open url -INFO - close browser
2023-07-21 15:55:19,838 - open url -INFO - open page
2023-07-21 15:55:23,474 - open url -INFO - open ecomerse app
2023-07-21 15:56:01,951 - open url -INFO - close browser
2023-07-22 11:25:41,050 - open url -INFO - open page
2023-07-22 11:25:43,499 - open url -INFO - open ecomerse app
2023-07-22 11:25:44,346 - open url -INFO - open login
2023-07-22 11:25:49,483 - open url -INFO - enter username
2023-07-22 11:25:54,646 - open url -INFO - enter password
2023-07-22 11:25:58,840 - open url -INFO - click on loginbutton
2023-07-22 11:25:58,853 - open url -INFO - show page title
2023-07-22 11:26:04,902 - open url -INFO - close browser
2023-07-22 11:26:07,150 - open url -INFO - open page
2023-07-22 11:26:09,701 - open url -INFO - open ecomerse app
2023-07-22 11:26:11,210 - open url -INFO - open login
2023-07-22 11:26:16,324 - open url -INFO - enter username
2023-07-22 11:26:21,498 - open url -INFO - enter password
2023-07-22 11:26:22,340 - open url -INFO - click on loginbutton
2023-07-22 11:26:22,353 - open url -INFO - show page title
2023-07-22 11:26:28,376 - open url -INFO - close browser
2023-07-22 11:26:30,453 - open url -INFO - open page
2023-07-22 11:26:33,397 - open url -INFO - open ecomerse app
2023-07-22 11:26:34,122 - open url -INFO - open login
2023-07-22 11:26:39,275 - open url -INFO - enter username
2023-07-22 11:26:44,401 - open url -INFO - enter password
2023-07-22 11:26:45,100 - open url -INFO - click on loginbutton
2023-07-22 11:26:45,185 - open url -INFO - show page title
2023-07-22 11:26:51,206 - open url -INFO - close browser
2023-07-22 11:28:45,404 - open url -INFO - open page
2023-07-22 11:28:47,447 - open url -INFO - open ecomerse app
2023-07-22 11:28:49,271 - open url -INFO - open login
2023-07-22 11:28:54,420 - open url -INFO - enter username
2023-07-22 11:28:59,565 - open url -INFO - enter password
2023-07-22 11:29:00,291 - open url -INFO - click on loginbutton
2023-07-22 11:29:00,408 - open url -INFO - show page title
2023-07-22 11:29:06,434 - open url -INFO - close browser
2023-07-22 11:29:08,598 - open url -INFO - open page
2023-07-22 11:29:11,134 - open url -INFO - open ecomerse app
2023-07-22 11:29:12,615 - open url -INFO - open login
2023-07-22 11:29:17,736 - open url -INFO - enter username
2023-07-22 11:29:22,953 - open url -INFO - enter password
2023-07-22 11:29:23,670 - open url -INFO - click on loginbutton
2023-07-22 11:29:23,678 - open url -INFO - show page title
2023-07-22 11:29:29,687 - open url -INFO - close browser
2023-07-22 11:29:31,885 - open url -INFO - open page
2023-07-22 11:29:33,649 - open url -INFO - open ecomerse app
2023-07-22 11:29:34,362 - open url -INFO - open login
2023-07-22 11:29:39,461 - open url -INFO - enter username
2023-07-22 11:29:46,080 - open url -INFO - close browser
2023-07-22 12:06:40,661 - open url -INFO - open page
2023-07-22 12:06:44,071 - open url -INFO - open ecomerse app
2023-07-22 12:07:50,162 - open url -INFO - close browser
2023-07-22 13:51:31,252 - open url -INFO - open page
2023-07-22 13:51:32,461 - open url -INFO - open ecomerse app
2023-07-22 13:51:33,875 - open url -INFO - open login
2023-07-22 13:51:39,004 - open url -INFO - enter username
2023-07-22 13:51:44,117 - open url -INFO - enter password
2023-07-22 13:51:44,713 - open url -INFO - click on loginbutton
2023-07-22 13:51:44,786 - open url -INFO - show page title
2023-07-22 13:51:50,815 - open url -INFO - close browser
2023-07-22 13:51:52,623 - open url -INFO - open page
2023-07-22 13:51:54,549 - open url -INFO - open ecomerse app
2023-07-22 13:51:56,280 - open url -INFO - open login
2023-07-22 13:52:01,448 - open url -INFO - enter username
2023-07-22 13:52:06,630 - open url -INFO - enter password
2023-07-22 13:52:07,192 - open url -INFO - click on loginbutton
2023-07-22 13:52:07,262 - open url -INFO - show page title
2023-07-22 13:52:13,286 - open url -INFO - close browser
2023-07-22 13:52:15,058 - open url -INFO - open page
2023-07-22 13:52:16,444 - open url -INFO - open ecomerse app
2023-07-22 13:52:17,163 - open url -INFO - open login
2023-07-22 13:52:22,273 - open url -INFO - enter username
2023-07-22 13:52:27,422 - open url -INFO - enter password
2023-07-22 13:52:27,992 - open url -INFO - click on loginbutton
2023-07-22 13:52:28,056 - open url -INFO - show page title
2023-07-22 13:52:34,081 - open url -INFO - close browser
2023-07-22 15:33:18,997 - open url -INFO - open page
2023-07-22 15:33:21,249 - open url -INFO - open ecomerse app
2023-07-22 15:33:22,885 - open url -INFO - open login
2023-07-22 15:33:28,047 - open url -INFO - enter username
2023-07-22 15:33:33,296 - open url -INFO - enter password
2023-07-22 15:33:34,080 - open url -INFO - click on loginbutton
2023-07-22 15:33:34,089 - open url -INFO - show page title
2023-07-22 15:33:40,134 - open url -INFO - close browser
2023-07-22 15:33:43,219 - open url -INFO - open page
2023-07-22 15:33:45,133 - open url -INFO - open ecomerse app
2023-07-22 15:33:45,802 - open url -INFO - open login
2023-07-22 15:33:50,951 - open url -INFO - enter username
2023-07-22 15:33:56,147 - open url -INFO - enter password
2023-07-22 15:33:57,003 - open url -INFO - click on loginbutton
2023-07-22 15:33:57,012 - open url -INFO - show page title
2023-07-22 15:34:03,038 - open url -INFO - close browser
2023-07-22 15:45:51,200 - open url -INFO - open page
2023-07-22 15:45:54,762 - open url -INFO - open ecomerse app
2023-07-22 15:46:56,398 - open url -INFO - close browser
2023-07-22 17:56:35,874 - open url -INFO - open page
2023-07-22 17:56:37,915 - open url -INFO - open ecomerse app
2023-07-22 17:56:38,573 - open url -INFO - open login
2023-07-22 17:56:43,684 - open url -INFO - enter username
2023-07-22 17:56:48,796 - open url -INFO - enter password
2023-07-22 17:56:49,435 - open url -INFO - click on loginbutton
2023-07-22 17:56:49,452 - open url -INFO - show page title
2023-07-22 17:56:55,464 - open url -INFO - close browser
2023-07-22 17:56:57,498 - open url -INFO - open page
2023-07-22 17:56:59,544 - open url -INFO - open ecomerse app
2023-07-22 17:57:01,015 - open url -INFO - open login
2023-07-22 17:57:06,113 - open url -INFO - enter username
2023-07-22 17:57:11,298 - open url -INFO - enter password
2023-07-22 17:57:12,168 - open url -INFO - click on loginbutton
2023-07-22 17:57:12,181 - open url -INFO - show page title
2023-07-22 17:57:18,198 - open url -INFO - close browser
2023-07-22 17:57:20,133 - open url -INFO - open page
2023-07-22 17:57:21,279 - open url -INFO - open ecomerse app
2023-07-22 17:57:21,838 - open url -INFO - open login
2023-07-22 17:57:26,940 - open url -INFO - enter username
2023-07-22 17:57:32,057 - open url -INFO - enter password
2023-07-22 17:57:32,649 - open url -INFO - click on loginbutton
2023-07-22 17:57:32,663 - open url -INFO - show page title
2023-07-22 17:57:38,668 - open url -INFO - close browser
2023-07-22 17:57:40,548 - open url -INFO - open page
2023-07-22 17:57:42,518 - open url -INFO - open ecomerse app
2023-07-22 17:57:43,126 - open url -INFO - open login
2023-07-22 17:57:48,225 - open url -INFO - enter username
2023-07-22 17:57:53,331 - open url -INFO - enter password
2023-07-22 17:57:53,827 - open url -INFO - click on loginbutton
2023-07-22 17:57:53,924 - open url -INFO - show page title
2023-07-22 17:57:59,930 - open url -INFO - close browser
2023-07-22 17:58:02,042 - open url -INFO - open page
2023-07-22 17:58:03,251 - open url -INFO - open ecomerse app
2023-07-22 17:58:03,827 - open url -INFO - open login
2023-07-22 17:58:08,920 - open url -INFO - enter username
2023-07-22 17:58:14,038 - open url -INFO - enter password
2023-07-22 17:58:14,505 - open url -INFO - click on loginbutton
2023-07-22 17:58:14,638 - open url -INFO - show page title
2023-07-22 17:58:20,651 - open url -INFO - close browser
2023-07-22 18:02:19,138 - open url -INFO - open page
2023-07-22 18:02:22,148 - open url -INFO - open ecomerse app
2023-07-22 18:02:23,552 - open url -INFO - regester here
2023-07-22 18:02:23,627 - open url -INFO - male user
2023-07-22 18:02:23,719 - open url -INFO - enter name
2023-07-22 18:02:23,843 - open url -INFO - enter lastname
2023-07-22 18:02:24,922 - open url -INFO - select day
2023-07-22 18:02:25,331 - open url -INFO - select month
2023-07-22 18:02:29,445 - open url -INFO - select year
2023-07-22 18:02:29,543 - open url -INFO - enter email
2023-07-22 18:02:32,816 - open url -INFO - scroll down till element
2023-07-22 18:02:35,914 - open url -INFO - enter password
2023-07-22 18:02:36,006 - open url -INFO - confirm pass
2023-07-22 18:03:03,109 - open url -INFO - close browser
2023-07-22 18:03:05,028 - open url -INFO - open page
2023-07-22 18:03:07,298 - open url -INFO - open ecomerse app
2023-07-22 18:03:08,663 - open url -INFO - regester here
2023-07-22 18:03:08,744 - open url -INFO - male user
2023-07-22 18:03:08,823 - open url -INFO - enter name
2023-07-22 18:03:08,905 - open url -INFO - enter lastname
2023-07-22 18:03:09,910 - open url -INFO - select day
2023-07-22 18:03:10,297 - open url -INFO - select month
2023-07-22 18:03:14,152 - open url -INFO - select year
2023-07-22 18:03:14,245 - open url -INFO - enter email
2023-07-22 18:03:17,279 - open url -INFO - scroll down till element
2023-07-22 18:03:20,384 - open url -INFO - enter password
2023-07-22 18:03:20,473 - open url -INFO - confirm pass
2023-07-22 18:03:47,705 - open url -INFO - close browser
2023-07-22 19:17:40,344 - open url -INFO - open page
2023-07-22 19:17:43,695 - open url -INFO - open ecomerse app
2023-07-22 19:17:44,662 - open url -INFO - regester here
2023-07-22 19:17:44,757 - open url -INFO - male user
2023-07-22 19:17:44,867 - open url -INFO - enter name
2023-07-22 19:17:44,978 - open url -INFO - enter lastname
2023-07-22 19:17:46,184 - open url -INFO - select day
2023-07-22 19:17:46,623 - open url -INFO - select month
2023-07-22 19:17:51,033 - open url -INFO - select year
2023-07-22 19:17:51,137 - open url -INFO - enter email
2023-07-22 19:17:54,199 - open url -INFO - scroll down till element
2023-07-22 19:17:57,312 - open url -INFO - enter password
2023-07-22 19:17:57,411 - open url -INFO - confirm pass
2023-07-22 19:17:58,670 - open url -INFO - done
2023-07-22 19:18:04,692 - open url -INFO - close browser
2023-07-22 19:21:04,870 - open url -INFO - open page
2023-07-22 19:21:07,772 - open url -INFO - open ecomerse app
2023-07-22 19:21:09,518 - open url -INFO - regester here
2023-07-22 19:21:09,688 - open url -INFO - male user
2023-07-22 19:21:09,937 - open url -INFO - enter name
2023-07-22 19:21:10,117 - open url -INFO - enter lastname
2023-07-22 19:21:11,372 - open url -INFO - select day
2023-07-22 19:21:11,810 - open url -INFO - select month
2023-07-22 19:21:16,099 - open url -INFO - select year
2023-07-22 19:21:16,214 - open url -INFO - enter email
2023-07-22 19:21:19,281 - open url -INFO - scroll down till element
2023-07-22 19:21:22,376 - open url -INFO - enter password
2023-07-22 19:21:22,467 - open url -INFO - confirm pass
2023-07-22 19:21:23,786 - open url -INFO - done
2023-07-22 19:21:29,812 - open url -INFO - close browser
2023-07-22 19:24:36,773 - open url -INFO - open page
2023-07-22 19:24:39,523 - open url -INFO - open ecomerse app
2023-07-22 19:24:41,134 - open url -INFO - open login
2023-07-22 19:24:46,284 - open url -INFO - enter username
2023-07-22 19:24:51,433 - open url -INFO - enter password
2023-07-22 19:24:51,960 - open url -INFO - click on loginbutton
2023-07-22 19:24:52,069 - open url -INFO - show page title
2023-07-22 19:24:58,100 - open url -INFO - close browser
2023-07-22 19:25:00,504 - open url -INFO - open page
2023-07-22 19:25:02,968 - open url -INFO - open ecomerse app
2023-07-22 19:25:03,749 - open url -INFO - open login
2023-07-22 19:25:08,965 - open url -INFO - enter username
2023-07-22 19:25:14,084 - open url -INFO - enter password
2023-07-22 19:25:14,715 - open url -INFO - click on loginbutton
2023-07-22 19:25:14,730 - open url -INFO - show page title
2023-07-22 19:25:20,735 - open url -INFO - close browser
2023-07-22 19:25:23,920 - open url -INFO - open page
2023-07-22 19:25:25,229 - open url -INFO - open ecomerse app
2023-07-22 19:25:25,988 - open url -INFO - open login
2023-07-22 19:25:31,172 - open url -INFO - enter username
2023-07-22 19:25:36,267 - open url -INFO - enter password
2023-07-22 19:25:37,170 - open url -INFO - click on loginbutton
2023-07-22 19:25:37,202 - open url -INFO - show page title
2023-07-22 19:25:43,215 - open url -INFO - close browser
2023-07-22 19:25:46,135 - open url -INFO - open page
2023-07-22 19:25:47,397 - open url -INFO - open ecomerse app
2023-07-22 19:25:48,041 - open url -INFO - open login
2023-07-22 19:25:53,153 - open url -INFO - enter username
2023-07-22 19:25:58,418 - open url -INFO - enter password
2023-07-22 19:25:58,929 - open url -INFO - click on loginbutton
2023-07-22 19:25:59,033 - open url -INFO - show page title
2023-07-22 19:26:05,046 - open url -INFO - close browser
2023-07-22 19:26:08,710 - open url -INFO - open page
2023-07-22 19:26:10,092 - open url -INFO - open ecomerse app
2023-07-22 19:26:11,443 - open url -INFO - open login
2023-07-22 19:26:16,564 - open url -INFO - enter username
2023-07-22 19:26:21,691 - open url -INFO - enter password
2023-07-22 19:26:22,188 - open url -INFO - click on loginbutton
2023-07-22 19:26:22,330 - open url -INFO - show page title
2023-07-22 19:26:28,348 - open url -INFO - close browser
2023-07-22 19:47:47,682 - open url -INFO - open page
2023-07-22 19:47:50,440 - open url -INFO - open ecomerse app
2023-07-22 19:47:51,912 - open url -INFO - regester here
2023-07-22 19:47:51,995 - open url -INFO - male user
2023-07-22 19:47:52,122 - open url -INFO - enter name
2023-07-22 19:47:52,216 - open url -INFO - enter lastname
2023-07-22 19:47:53,688 - open url -INFO - select day
2023-07-22 19:47:54,094 - open url -INFO - select month
2023-07-22 19:47:58,305 - open url -INFO - select year
2023-07-22 19:47:58,400 - open url -INFO - enter email
2023-07-22 19:48:01,455 - open url -INFO - scroll down till element
2023-07-22 19:48:04,573 - open url -INFO - enter password
2023-07-22 19:48:04,656 - open url -INFO - confirm pass
2023-07-22 19:48:05,769 - open url -INFO - done
2023-07-22 19:48:11,793 - open url -INFO - close browser
2023-07-22 19:50:31,461 - open url -INFO - open page
2023-07-22 19:50:34,355 - open url -INFO - open ecomerse app
2023-07-22 19:50:35,014 - open url -INFO - regester here
2023-07-22 19:50:35,098 - open url -INFO - male user
2023-07-22 19:50:35,220 - open url -INFO - enter name
2023-07-22 19:50:35,322 - open url -INFO - enter lastname
2023-07-22 19:50:36,476 - open url -INFO - select day
2023-07-22 19:50:36,936 - open url -INFO - select month
2023-07-22 19:50:41,615 - open url -INFO - select year
2023-07-22 19:50:41,707 - open url -INFO - enter email
2023-07-22 19:50:44,794 - open url -INFO - scroll down till element
2023-07-22 19:50:47,917 - open url -INFO - enter password
2023-07-22 19:50:47,994 - open url -INFO - confirm pass
2023-07-22 19:50:49,187 - open url -INFO - done
2023-07-22 19:50:55,226 - open url -INFO - close browser
2023-07-22 19:52:58,326 - open url -INFO - open page
2023-07-22 19:53:00,612 - open url -INFO - open ecomerse app
2023-07-22 19:53:01,237 - open url -INFO - regester here
2023-07-22 19:53:01,311 - open url -INFO - male user
2023-07-22 19:53:01,396 - open url -INFO - enter name
2023-07-22 19:53:01,487 - open url -INFO - enter lastname
2023-07-22 19:53:02,639 - open url -INFO - select day
2023-07-22 19:53:03,066 - open url -INFO - select month
2023-07-22 19:53:07,183 - open url -INFO - select year
2023-07-22 19:53:07,278 - open url -INFO - enter email
2023-07-22 19:53:10,302 - open url -INFO - scroll down till element
2023-07-22 19:53:13,426 - open url -INFO - enter password
2023-07-22 19:53:13,524 - open url -INFO - confirm pass
2023-07-22 19:53:41,176 - open url -INFO - close browser
2023-07-22 19:53:43,081 - open url -INFO - open page
2023-07-22 19:53:45,054 - open url -INFO - open ecomerse app
2023-07-22 19:53:45,637 - open url -INFO - regester here
2023-07-22 19:53:45,716 - open url -INFO - male user
2023-07-22 19:53:45,819 - open url -INFO - enter name
2023-07-22 19:53:45,935 - open url -INFO - enter lastname
2023-07-22 19:53:46,936 - open url -INFO - select day
2023-07-22 19:53:47,512 - open url -INFO - select month
2023-07-22 19:53:51,833 - open url -INFO - select year
2023-07-22 19:53:51,922 - open url -INFO - enter email
2023-07-22 19:53:54,965 - open url -INFO - scroll down till element
2023-07-22 19:53:58,057 - open url -INFO - enter password
2023-07-22 19:53:58,134 - open url -INFO - confirm pass
2023-07-22 19:54:25,567 - open url -INFO - close browser
2023-07-22 20:01:28,374 - open url -INFO - open page
2023-07-22 20:01:29,797 - open url -INFO - open ecomerse app
2023-07-22 20:01:33,900 - open url -INFO - regester here
2023-07-22 20:01:33,971 - open url -INFO - male user
2023-07-22 20:01:34,052 - open url -INFO - enter name
2023-07-22 20:01:34,122 - open url -INFO - enter lastname
2023-07-22 20:01:35,233 - open url -INFO - select day
2023-07-22 20:01:35,662 - open url -INFO - select month
2023-07-22 20:01:39,848 - open url -INFO - select year
2023-07-22 20:01:39,933 - open url -INFO - enter email
2023-07-22 20:01:43,003 - open url -INFO - scroll down till element
2023-07-22 20:01:46,159 - open url -INFO - enter password
2023-07-22 20:01:46,234 - open url -INFO - confirm pass
2023-07-22 20:02:13,581 - open url -INFO - close browser
2023-07-22 20:02:15,201 - open url -INFO - open page
2023-07-22 20:02:16,821 - open url -INFO - open ecomerse app
2023-07-22 20:02:17,492 - open url -INFO - regester here
2023-07-22 20:02:17,559 - open url -INFO - male user
2023-07-22 20:02:17,631 - open url -INFO - enter name
2023-07-22 20:02:17,700 - open url -INFO - enter lastname
2023-07-22 20:02:18,916 - open url -INFO - select day
2023-07-22 20:02:19,358 - open url -INFO - select month
2023-07-22 20:02:23,345 - open url -INFO - select year
2023-07-22 20:02:23,429 - open url -INFO - enter email
2023-07-22 20:02:26,490 - open url -INFO - scroll down till element
2023-07-22 20:02:29,580 - open url -INFO - enter password
2023-07-22 20:02:29,662 - open url -INFO - confirm pass
2023-07-22 20:02:57,603 - open url -INFO - close browser
2023-07-22 20:09:35,317 - open url -INFO - open page
2023-07-22 20:09:37,832 - open url -INFO - open ecomerse app
2023-07-22 20:09:38,492 - open url -INFO - regester here
2023-07-22 20:09:38,568 - open url -INFO - male user
2023-07-22 20:09:38,668 - open url -INFO - enter name
2023-07-22 20:09:38,793 - open url -INFO - enter lastname
2023-07-22 20:09:39,924 - open url -INFO - select day
2023-07-22 20:09:40,326 - open url -INFO - select month
2023-07-22 20:09:44,573 - open url -INFO - select year
2023-07-22 20:09:44,650 - open url -INFO - enter email
2023-07-22 20:09:47,704 - open url -INFO - scroll down till element
2023-07-22 20:09:50,835 - open url -INFO - enter password
2023-07-22 20:09:50,906 - open url -INFO - confirm pass
2023-07-22 20:10:18,636 - open url -INFO - close browser
2023-07-22 20:10:20,259 - open url -INFO - open page
2023-07-22 20:10:21,439 - open url -INFO - open ecomerse app
2023-07-22 20:10:21,986 - open url -INFO - regester here
2023-07-22 20:10:22,062 - open url -INFO - male user
2023-07-22 20:10:22,137 - open url -INFO - enter name
2023-07-22 20:10:22,211 - open url -INFO - enter lastname
2023-07-22 20:10:23,221 - open url -INFO - select day
2023-07-22 20:10:23,618 - open url -INFO - select month
2023-07-22 20:10:27,671 - open url -INFO - select year
2023-07-22 20:10:27,747 - open url -INFO - enter email
2023-07-22 20:10:30,811 - open url -INFO - scroll down till element
2023-07-22 20:10:33,971 - open url -INFO - enter password
2023-07-22 20:10:34,065 - open url -INFO - confirm pass
2023-07-22 20:11:01,780 - open url -INFO - close browser
2023-07-22 20:21:11,870 - open url -INFO - open page
2023-07-22 20:21:15,377 - open url -INFO - open ecomerse app
2023-07-22 20:21:16,140 - open url -INFO - regester here
2023-07-22 20:21:16,248 - open url -INFO - male user
2023-07-22 20:21:16,359 - open url -INFO - enter name
2023-07-22 20:21:16,454 - open url -INFO - enter lastname
2023-07-22 20:21:18,343 - open url -INFO - select day
2023-07-22 20:21:18,889 - open url -INFO - select month
2023-07-22 20:21:25,760 - open url -INFO - select year
2023-07-22 20:21:25,854 - open url -INFO - enter email
2023-07-22 20:21:28,946 - open url -INFO - scroll down till element
2023-07-22 20:21:32,117 - open url -INFO - enter password
2023-07-22 20:21:32,295 - open url -INFO - confirm pass
2023-07-22 20:22:00,075 - open url -INFO - close browser
2023-07-22 20:22:03,190 - open url -INFO - open page
2023-07-22 20:22:05,398 - open url -INFO - open ecomerse app
2023-07-22 20:22:06,918 - open url -INFO - regester here
2023-07-22 20:22:07,000 - open url -INFO - male user
2023-07-22 20:22:07,074 - open url -INFO - enter name
2023-07-22 20:22:07,153 - open url -INFO - enter lastname
2023-07-22 20:22:08,300 - open url -INFO - select day
2023-07-22 20:22:08,693 - open url -INFO - select month
2023-07-22 20:22:12,748 - open url -INFO - select year
2023-07-22 20:22:12,832 - open url -INFO - enter email
2023-07-22 20:22:15,873 - open url -INFO - scroll down till element
2023-07-22 20:22:18,984 - open url -INFO - enter password
2023-07-22 20:22:19,067 - open url -INFO - confirm pass
2023-07-22 20:22:49,758 - open url -INFO - close browser
2023-07-22 20:26:05,723 - open url -INFO - open page
2023-07-22 20:26:09,370 - open url -INFO - open ecomerse app
2023-07-22 20:26:11,136 - open url -INFO - regester here
2023-07-22 20:26:11,203 - open url -INFO - male user
2023-07-22 20:26:11,300 - open url -INFO - enter name
2023-07-22 20:26:11,367 - open url -INFO - enter lastname
2023-07-22 20:26:12,509 - open url -INFO - select day
2023-07-22 20:26:12,925 - open url -INFO - select month
2023-07-22 20:26:17,302 - open url -INFO - select year
2023-07-22 20:26:17,383 - open url -INFO - enter email
2023-07-22 20:26:20,453 - open url -INFO - scroll down till element
2023-07-22 20:26:23,633 - open url -INFO - enter password
2023-07-22 20:26:23,706 - open url -INFO - confirm pass
2023-07-22 20:26:50,893 - open url -INFO - close browser
2023-07-22 20:26:52,922 - open url -INFO - open page
2023-07-22 20:26:56,099 - open url -INFO - open ecomerse app
2023-07-22 20:26:56,956 - open url -INFO - regester here
2023-07-22 20:26:57,045 - open url -INFO - male user
2023-07-22 20:26:57,133 - open url -INFO - enter name
2023-07-22 20:26:57,228 - open url -INFO - enter lastname
2023-07-22 20:26:58,400 - open url -INFO - select day
2023-07-22 20:26:58,781 - open url -INFO - select month
2023-07-22 20:27:03,218 - open url -INFO - select year
2023-07-22 20:27:03,293 - open url -INFO - enter email
2023-07-22 20:27:06,346 - open url -INFO - scroll down till element
2023-07-22 20:27:09,457 - open url -INFO - enter password
2023-07-22 20:27:09,531 - open url -INFO - confirm pass
2023-07-22 20:27:36,886 - open url -INFO - close browser
2023-07-22 20:28:11,821 - open url -INFO - open page
2023-07-22 20:28:13,232 - open url -INFO - open ecomerse app
2023-07-22 20:28:13,857 - open url -INFO - regester here
2023-07-22 20:28:13,935 - open url -INFO - male user
2023-07-22 20:28:14,024 - open url -INFO - enter name
2023-07-22 20:28:14,109 - open url -INFO - enter lastname
2023-07-22 20:28:15,308 - open url -INFO - select day
2023-07-22 20:28:15,779 - open url -INFO - select month
2023-07-22 20:28:20,024 - open url -INFO - select year
2023-07-22 20:28:20,115 - open url -INFO - enter email
2023-07-22 20:28:23,146 - open url -INFO - scroll down till element
2023-07-22 20:28:26,301 - open url -INFO - enter password
2023-07-22 20:28:26,374 - open url -INFO - confirm pass
2023-07-22 20:28:53,799 - open url -INFO - close browser
2023-07-22 20:28:56,431 - open url -INFO - open page
2023-07-22 20:28:58,625 - open url -INFO - open ecomerse app
2023-07-22 20:28:59,211 - open url -INFO - regester here
2023-07-22 20:28:59,287 - open url -INFO - male user
2023-07-22 20:28:59,379 - open url -INFO - enter name
2023-07-22 20:28:59,448 - open url -INFO - enter lastname
2023-07-22 20:29:00,460 - open url -INFO - select day
2023-07-22 20:29:00,829 - open url -INFO - select month
2023-07-22 20:29:04,775 - open url -INFO - select year
2023-07-22 20:29:04,859 - open url -INFO - enter email
2023-07-22 20:29:07,914 - open url -INFO - scroll down till element
2023-07-22 20:29:11,055 - open url -INFO - enter password
2023-07-22 20:29:11,131 - open url -INFO - confirm pass
2023-07-22 20:29:38,906 - open url -INFO - close browser
2023-07-23 16:21:22,301 - open url -INFO - open page
2023-07-23 16:21:25,071 - open url -INFO - open ecomerse app
2023-07-23 16:21:26,985 - open url -INFO - regester here
2023-07-23 16:21:27,153 - open url -INFO - male user
2023-07-23 16:21:27,370 - open url -INFO - enter name
2023-07-23 16:21:27,562 - open url -INFO - enter lastname
2023-07-23 16:21:28,793 - open url -INFO - select day
2023-07-23 16:21:29,222 - open url -INFO - select month
2023-07-23 16:21:33,963 - open url -INFO - select year
2023-07-23 16:21:34,049 - open url -INFO - enter email
2023-07-23 16:21:37,132 - open url -INFO - scroll down till element
2023-07-23 16:21:40,400 - open url -INFO - enter password
2023-07-23 16:21:40,584 - open url -INFO - confirm pass
2023-07-25 12:58:14,472 - open url -INFO - open page
2023-07-25 12:58:18,535 - open url -INFO - open ecomerse app
2023-07-25 12:59:31,321 - open url -INFO - close browser
