2023-07-20 13:40:58,056 [main] INFO open url - open page
2023-07-20 13:41:00,610 [main] INFO open url - open ecomerse app
2023-07-20 13:41:01,342 [main] INFO open url - open login
2023-07-20 13:41:01,444 [main] INFO open url - enter username
2023-07-20 13:41:01,539 [main] INFO open url - enter password
2023-07-20 13:41:01,607 [main] INFO open url - click on loginbutton
2023-07-20 13:41:01,626 [main] INFO open url - show page title
2023-07-20 13:41:07,662 [main] INFO open url - close browser
2023-07-20 13:45:29,491 [main] INFO open url - open page
2023-07-20 13:45:32,127 [main] INFO open url - open ecomerse app
2023-07-20 13:45:32,818 [main] INFO open url - open login
2023-07-20 13:45:32,944 [main] INFO open url - enter username
2023-07-20 13:45:33,048 [main] INFO open url - enter password
2023-07-20 13:45:33,122 [main] INFO open url - click on loginbutton
2023-07-20 13:45:33,136 [main] INFO open url - show page title
2023-07-20 13:45:39,155 [main] INFO open url - close browser
2023-07-20 13:46:36,660 [main] INFO open url - open page
2023-07-20 13:46:39,262 [main] INFO open url - open ecomerse app
2023-07-20 13:46:41,054 [main] INFO open url - open login
2023-07-20 13:46:46,155 [main] INFO open url - enter username
2023-07-20 13:46:51,280 [main] INFO open url - enter password
2023-07-20 13:46:51,436 [main] INFO open url - click on loginbutton
2023-07-20 13:46:51,452 [main] INFO open url - show page title
2023-07-20 13:46:57,465 [main] INFO open url - close browser
2023-07-20 16:26:39,354 [main] INFO open url - open page
2023-07-20 16:26:42,394 [main] INFO open url - open ecomerse app
2023-07-20 16:26:43,054 [main] INFO open url - open login
2023-07-20 16:26:48,180 [main] INFO open url - enter username
2023-07-20 16:26:53,296 [main] INFO open url - enter password
2023-07-20 16:26:55,726 [main] INFO open url - click on loginbutton
2023-07-20 16:26:55,787 [main] INFO open url - show page title
2023-07-20 16:27:01,819 [main] INFO open url - close browser
2023-07-20 16:31:38,683 [main] INFO open url - open page
2023-07-20 16:31:40,931 [main] INFO open url - open ecomerse app
2023-07-20 16:31:41,599 [main] INFO open url - regester here
2023-07-20 16:31:41,675 [main] INFO open url - male user
2023-07-20 16:31:41,769 [main] INFO open url - enter name
2023-07-20 16:31:41,869 [main] INFO open url - enter lastname
2023-07-20 16:31:43,454 [main] INFO open url - select day
2023-07-20 16:31:43,940 [main] INFO open url - select month
2023-07-20 16:31:48,475 [main] INFO open url - select year
2023-07-20 16:31:48,578 [main] INFO open url - enter email
2023-07-20 16:31:51,617 [main] INFO open url - scroll down till element
2023-07-20 16:31:54,724 [main] INFO open url - enter password
2023-07-20 16:31:54,833 [main] INFO open url - confirm pass
2023-07-20 16:32:21,562 [main] INFO open url - close browser
2023-07-20 16:33:34,075 [main] INFO open url - open page
2023-07-20 16:33:36,771 [main] INFO open url - open ecomerse app
2023-07-20 16:33:37,420 [main] INFO open url - regester here
2023-07-20 16:33:37,503 [main] INFO open url - male user
2023-07-20 16:33:37,598 [main] INFO open url - enter name
2023-07-20 16:33:37,686 [main] INFO open url - enter lastname
2023-07-20 16:33:38,787 [main] INFO open url - select day
2023-07-20 16:33:39,205 [main] INFO open url - select month
2023-07-20 16:33:43,407 [main] INFO open url - select year
2023-07-20 16:33:43,503 [main] INFO open url - enter email
2023-07-20 16:33:46,543 [main] INFO open url - scroll down till element
2023-07-20 16:33:49,653 [main] INFO open url - enter password
2023-07-20 16:33:49,744 [main] INFO open url - confirm pass
2023-07-20 16:33:51,225 [main] INFO open url - done
2023-07-20 16:33:57,242 [main] INFO open url - close browser
2023-07-20 17:01:31,920 [main] INFO open url - open page
2023-07-20 17:01:34,438 [main] INFO open url - open ecomerse app
2023-07-20 17:01:36,222 [main] INFO open url - open login
2023-07-20 17:01:41,399 [main] INFO open url - enter username
2023-07-20 17:01:46,504 [main] INFO open url - enter password
2023-07-20 17:01:47,840 [main] INFO open url - click on loginbutton
2023-07-20 17:01:47,853 [main] INFO open url - show page title
2023-07-20 17:01:53,893 [main] INFO open url - close browser
2023-07-21 11:51:07,215 [main] INFO open url - open page
2023-07-21 11:51:10,784 [main] INFO open url - open ecomerse app
2023-07-21 11:51:12,481 [main] INFO open url - open login
2023-07-21 11:51:17,651 [main] INFO open url - enter username
2023-07-21 11:51:22,850 [main] INFO open url - enter password
2023-07-21 11:51:24,388 [main] INFO open url - click on loginbutton
2023-07-21 11:51:24,401 [main] INFO open url - show page title
2023-07-21 11:51:30,422 [main] INFO open url - close browser
2023-07-21 11:54:33,674 [main] INFO open url - open page
2023-07-21 11:54:35,865 [main] INFO open url - open ecomerse app
2023-07-21 11:54:36,736 [main] INFO open url - open login
2023-07-21 11:54:42,163 [main] INFO open url - enter username
2023-07-21 11:54:47,367 [main] INFO open url - enter password
2023-07-21 11:54:48,753 [main] INFO open url - click on loginbutton
2023-07-21 11:54:48,764 [main] INFO open url - show page title
2023-07-21 11:54:54,841 [main] INFO open url - close browser
2023-07-21 11:56:52,324 [main] INFO open url - open page
2023-07-21 11:56:54,685 [main] INFO open url - open ecomerse app
2023-07-21 11:56:56,247 [main] INFO open url - open login
2023-07-21 11:57:01,365 [main] INFO open url - enter username
2023-07-21 11:57:06,628 [main] INFO open url - enter password
2023-07-21 11:57:08,485 [main] INFO open url - click on loginbutton
2023-07-21 11:57:08,495 [main] INFO open url - show page title
2023-07-21 11:57:14,547 [main] INFO open url - close browser
2023-07-21 12:49:07,304 [main] INFO open url - open page
2023-07-21 12:49:09,490 [main] INFO open url - open ecomerse app
2023-07-21 12:49:10,678 [main] INFO open url - open login
2023-07-21 12:49:15,839 [main] INFO open url - enter username
2023-07-21 12:49:21,022 [main] INFO open url - enter password
2023-07-21 12:49:22,504 [main] INFO open url - click on loginbutton
2023-07-21 12:49:22,515 [main] INFO open url - show page title
2023-07-21 12:49:28,564 [main] INFO open url - close browser
2023-07-21 12:52:22,964 [main] INFO open url - open page
2023-07-21 12:52:25,258 [main] INFO open url - open ecomerse app
2023-07-21 12:52:26,866 [main] INFO open url - open login
2023-07-21 12:52:32,009 [main] INFO open url - enter username
2023-07-21 12:52:37,155 [main] INFO open url - enter password
2023-07-21 12:52:38,567 [main] INFO open url - click on loginbutton
2023-07-21 12:52:38,576 [main] INFO open url - show page title
2023-07-21 12:52:44,649 [main] INFO open url - close browser
2023-07-21 12:55:33,354 [main] INFO open url - open page
2023-07-21 12:55:35,250 [main] INFO open url - open ecomerse app
2023-07-21 12:55:36,728 [main] INFO open url - open login
2023-07-21 12:55:41,859 [main] INFO open url - enter username
2023-07-21 12:55:47,006 [main] INFO open url - enter password
2023-07-21 12:55:48,621 [main] INFO open url - click on loginbutton
2023-07-21 12:55:48,644 [main] INFO open url - show page title
2023-07-21 12:55:54,691 [main] INFO open url - close browser
2023-07-21 12:57:10,708 [main] INFO open url - open page
2023-07-21 12:57:12,101 [main] INFO open url - open ecomerse app
2023-07-21 12:57:13,520 [main] INFO open url - open login
2023-07-21 12:57:18,658 [main] INFO open url - enter username
2023-07-21 12:57:23,804 [main] INFO open url - enter password
2023-07-21 12:57:25,336 [main] INFO open url - click on loginbutton
2023-07-21 12:57:25,349 [main] INFO open url - show page title
2023-07-21 12:57:31,404 [main] INFO open url - close browser
2023-07-21 12:59:43,124 [main] INFO open url - open page
2023-07-21 12:59:45,758 [main] INFO open url - open ecomerse app
2023-07-21 12:59:47,164 [main] INFO open url - open login
2023-07-21 12:59:52,283 [main] INFO open url - enter username
2023-07-21 12:59:57,422 [main] INFO open url - enter password
2023-07-21 12:59:59,199 [main] INFO open url - click on loginbutton
2023-07-21 12:59:59,208 [main] INFO open url - show page title
2023-07-21 13:00:05,255 [main] INFO open url - close browser
2023-07-21 13:02:05,574 [main] INFO open url - open page
2023-07-21 13:02:08,451 [main] INFO open url - open ecomerse app
2023-07-21 13:02:09,610 [main] INFO open url - open login
2023-07-21 13:02:14,711 [main] INFO open url - enter username
2023-07-21 13:02:19,854 [main] INFO open url - enter password
2023-07-21 13:02:21,398 [main] INFO open url - click on loginbutton
2023-07-21 13:02:21,412 [main] INFO open url - show page title
2023-07-21 13:02:27,484 [main] INFO open url - close browser
2023-07-21 13:03:45,106 [main] INFO open url - open page
2023-07-21 13:03:48,158 [main] INFO open url - open ecomerse app
2023-07-21 13:03:49,300 [main] INFO open url - open login
2023-07-21 13:03:54,451 [main] INFO open url - enter username
2023-07-21 13:03:59,650 [main] INFO open url - enter password
2023-07-21 13:04:01,563 [main] INFO open url - click on loginbutton
2023-07-21 13:04:01,578 [main] INFO open url - show page title
2023-07-21 13:04:07,635 [main] INFO open url - close browser
2023-07-21 13:08:11,299 [main] INFO open url - open page
2023-07-21 13:08:13,512 [main] INFO open url - open ecomerse app
2023-07-21 13:08:15,008 [main] INFO open url - open login
2023-07-21 13:08:20,115 [main] INFO open url - enter username
2023-07-21 13:08:25,254 [main] INFO open url - enter password
2023-07-21 13:08:26,705 [main] INFO open url - click on loginbutton
2023-07-21 13:08:26,720 [main] INFO open url - show page title
2023-07-21 13:08:32,795 [main] INFO open url - close browser
2023-07-21 13:18:46,957 [main] INFO open url - open page
2023-07-21 13:18:49,222 [main] INFO open url - open ecomerse app
2023-07-21 13:18:50,909 [main] INFO open url - open login
2023-07-21 13:18:56,057 [main] INFO open url - enter username
2023-07-21 13:19:01,270 [main] INFO open url - enter password
2023-07-21 13:19:03,089 [main] INFO open url - click on loginbutton
2023-07-21 13:19:03,103 [main] INFO open url - show page title
2023-07-21 13:19:09,143 [main] INFO open url - close browser
2023-07-21 13:20:25,536 [main] INFO open url - open page
2023-07-21 13:20:27,852 [main] INFO open url - open ecomerse app
2023-07-21 13:20:29,291 [main] INFO open url - open login
2023-07-21 13:20:34,417 [main] INFO open url - enter username
2023-07-21 13:20:39,666 [main] INFO open url - enter password
2023-07-21 13:20:41,463 [main] INFO open url - click on loginbutton
2023-07-21 13:20:41,489 [main] INFO open url - show page title
2023-07-21 13:20:47,559 [main] INFO open url - close browser
2023-07-21 13:46:18,775 [main] INFO open url - open page
2023-07-21 13:46:21,706 [main] INFO open url - open ecomerse app
2023-07-21 13:46:23,372 [main] INFO open url - open login
2023-07-21 13:46:28,542 [main] INFO open url - enter username
2023-07-21 13:46:33,744 [main] INFO open url - enter password
2023-07-21 13:46:35,401 [main] INFO open url - click on loginbutton
2023-07-21 13:46:35,412 [main] INFO open url - show page title
2023-07-21 13:46:41,461 [main] INFO open url - close browser
2023-07-21 13:46:43,846 [main] INFO open url - open page
2023-07-21 13:46:46,014 [main] INFO open url - open ecomerse app
2023-07-21 13:46:46,871 [main] INFO open url - open login
2023-07-21 13:46:51,982 [main] INFO open url - enter username
2023-07-21 13:46:57,116 [main] INFO open url - enter password
2023-07-21 13:46:58,755 [main] INFO open url - click on loginbutton
2023-07-21 13:46:58,767 [main] INFO open url - show page title
2023-07-21 13:47:04,791 [main] INFO open url - close browser
2023-07-21 13:47:07,492 [main] INFO open url - open page
2023-07-21 13:47:09,614 [main] INFO open url - open ecomerse app
2023-07-21 13:47:10,722 [main] INFO open url - open login
2023-07-21 13:47:16,000 [main] INFO open url - enter username
2023-07-21 13:47:21,104 [main] INFO open url - enter password
2023-07-21 13:47:22,387 [main] INFO open url - click on loginbutton
2023-07-21 13:47:22,401 [main] INFO open url - show page title
2023-07-21 13:47:28,433 [main] INFO open url - close browser
2023-07-21 15:45:21,939 [main] INFO open url - open page
2023-07-21 15:45:27,491 [main] INFO open url - open ecomerse app
2023-07-21 15:46:33,461 [main] INFO open url - close browser
2023-07-21 15:55:19,838 [main] INFO open url - open page
2023-07-21 15:55:23,474 [main] INFO open url - open ecomerse app
2023-07-21 15:56:01,951 [main] INFO open url - close browser
2023-07-22 11:25:41,050 [main] INFO open url - open page
2023-07-22 11:25:43,499 [main] INFO open url - open ecomerse app
2023-07-22 11:25:44,346 [main] INFO open url - open login
2023-07-22 11:25:49,483 [main] INFO open url - enter username
2023-07-22 11:25:54,646 [main] INFO open url - enter password
2023-07-22 11:25:58,840 [main] INFO open url - click on loginbutton
2023-07-22 11:25:58,853 [main] INFO open url - show page title
2023-07-22 11:26:04,902 [main] INFO open url - close browser
2023-07-22 11:26:07,150 [main] INFO open url - open page
2023-07-22 11:26:09,701 [main] INFO open url - open ecomerse app
2023-07-22 11:26:11,210 [main] INFO open url - open login
2023-07-22 11:26:16,324 [main] INFO open url - enter username
2023-07-22 11:26:21,498 [main] INFO open url - enter password
2023-07-22 11:26:22,340 [main] INFO open url - click on loginbutton
2023-07-22 11:26:22,353 [main] INFO open url - show page title
2023-07-22 11:26:28,376 [main] INFO open url - close browser
2023-07-22 11:26:30,453 [main] INFO open url - open page
2023-07-22 11:26:33,397 [main] INFO open url - open ecomerse app
2023-07-22 11:26:34,122 [main] INFO open url - open login
2023-07-22 11:26:39,275 [main] INFO open url - enter username
2023-07-22 11:26:44,401 [main] INFO open url - enter password
2023-07-22 11:26:45,100 [main] INFO open url - click on loginbutton
2023-07-22 11:26:45,185 [main] INFO open url - show page title
2023-07-22 11:26:51,206 [main] INFO open url - close browser
2023-07-22 11:28:45,404 [main] INFO open url - open page
2023-07-22 11:28:47,447 [main] INFO open url - open ecomerse app
2023-07-22 11:28:49,271 [main] INFO open url - open login
2023-07-22 11:28:54,420 [main] INFO open url - enter username
2023-07-22 11:28:59,565 [main] INFO open url - enter password
2023-07-22 11:29:00,291 [main] INFO open url - click on loginbutton
2023-07-22 11:29:00,408 [main] INFO open url - show page title
2023-07-22 11:29:06,434 [main] INFO open url - close browser
2023-07-22 11:29:08,598 [main] INFO open url - open page
2023-07-22 11:29:11,134 [main] INFO open url - open ecomerse app
2023-07-22 11:29:12,615 [main] INFO open url - open login
2023-07-22 11:29:17,736 [main] INFO open url - enter username
2023-07-22 11:29:22,953 [main] INFO open url - enter password
2023-07-22 11:29:23,670 [main] INFO open url - click on loginbutton
2023-07-22 11:29:23,678 [main] INFO open url - show page title
2023-07-22 11:29:29,687 [main] INFO open url - close browser
2023-07-22 11:29:31,885 [main] INFO open url - open page
2023-07-22 11:29:33,649 [main] INFO open url - open ecomerse app
2023-07-22 11:29:34,362 [main] INFO open url - open login
2023-07-22 11:29:39,461 [main] INFO open url - enter username
2023-07-22 11:29:46,080 [main] INFO open url - close browser
2023-07-22 12:06:40,661 [main] INFO open url - open page
2023-07-22 12:06:44,071 [main] INFO open url - open ecomerse app
2023-07-22 12:07:50,162 [main] INFO open url - close browser
2023-07-22 13:51:31,252 [main] INFO open url - open page
2023-07-22 13:51:32,461 [main] INFO open url - open ecomerse app
2023-07-22 13:51:33,875 [main] INFO open url - open login
2023-07-22 13:51:39,004 [main] INFO open url - enter username
2023-07-22 13:51:44,117 [main] INFO open url - enter password
2023-07-22 13:51:44,713 [main] INFO open url - click on loginbutton
2023-07-22 13:51:44,786 [main] INFO open url - show page title
2023-07-22 13:51:50,815 [main] INFO open url - close browser
2023-07-22 13:51:52,623 [main] INFO open url - open page
2023-07-22 13:51:54,549 [main] INFO open url - open ecomerse app
2023-07-22 13:51:56,280 [main] INFO open url - open login
2023-07-22 13:52:01,448 [main] INFO open url - enter username
2023-07-22 13:52:06,630 [main] INFO open url - enter password
2023-07-22 13:52:07,192 [main] INFO open url - click on loginbutton
2023-07-22 13:52:07,262 [main] INFO open url - show page title
2023-07-22 13:52:13,286 [main] INFO open url - close browser
2023-07-22 13:52:15,058 [main] INFO open url - open page
2023-07-22 13:52:16,444 [main] INFO open url - open ecomerse app
2023-07-22 13:52:17,163 [main] INFO open url - open login
2023-07-22 13:52:22,273 [main] INFO open url - enter username
2023-07-22 13:52:27,422 [main] INFO open url - enter password
2023-07-22 13:52:27,992 [main] INFO open url - click on loginbutton
2023-07-22 13:52:28,056 [main] INFO open url - show page title
2023-07-22 13:52:34,081 [main] INFO open url - close browser
2023-07-22 15:33:18,997 [main] INFO open url - open page
2023-07-22 15:33:21,249 [main] INFO open url - open ecomerse app
2023-07-22 15:33:22,885 [main] INFO open url - open login
2023-07-22 15:33:28,047 [main] INFO open url - enter username
2023-07-22 15:33:33,296 [main] INFO open url - enter password
2023-07-22 15:33:34,080 [main] INFO open url - click on loginbutton
2023-07-22 15:33:34,089 [main] INFO open url - show page title
2023-07-22 15:33:40,134 [main] INFO open url - close browser
2023-07-22 15:33:43,219 [main] INFO open url - open page
2023-07-22 15:33:45,133 [main] INFO open url - open ecomerse app
2023-07-22 15:33:45,802 [main] INFO open url - open login
2023-07-22 15:33:50,951 [main] INFO open url - enter username
2023-07-22 15:33:56,147 [main] INFO open url - enter password
2023-07-22 15:33:57,003 [main] INFO open url - click on loginbutton
2023-07-22 15:33:57,012 [main] INFO open url - show page title
2023-07-22 15:34:03,038 [main] INFO open url - close browser
2023-07-22 15:45:51,200 [main] INFO open url - open page
2023-07-22 15:45:54,762 [main] INFO open url - open ecomerse app
2023-07-22 15:46:56,398 [main] INFO open url - close browser
2023-07-22 17:56:35,874 [main] INFO open url - open page
2023-07-22 17:56:37,915 [main] INFO open url - open ecomerse app
2023-07-22 17:56:38,573 [main] INFO open url - open login
2023-07-22 17:56:43,684 [main] INFO open url - enter username
2023-07-22 17:56:48,796 [main] INFO open url - enter password
2023-07-22 17:56:49,435 [main] INFO open url - click on loginbutton
2023-07-22 17:56:49,452 [main] INFO open url - show page title
2023-07-22 17:56:55,464 [main] INFO open url - close browser
2023-07-22 17:56:57,498 [main] INFO open url - open page
2023-07-22 17:56:59,544 [main] INFO open url - open ecomerse app
2023-07-22 17:57:01,015 [main] INFO open url - open login
2023-07-22 17:57:06,113 [main] INFO open url - enter username
2023-07-22 17:57:11,298 [main] INFO open url - enter password
2023-07-22 17:57:12,168 [main] INFO open url - click on loginbutton
2023-07-22 17:57:12,181 [main] INFO open url - show page title
2023-07-22 17:57:18,198 [main] INFO open url - close browser
2023-07-22 17:57:20,133 [main] INFO open url - open page
2023-07-22 17:57:21,279 [main] INFO open url - open ecomerse app
2023-07-22 17:57:21,838 [main] INFO open url - open login
2023-07-22 17:57:26,940 [main] INFO open url - enter username
2023-07-22 17:57:32,057 [main] INFO open url - enter password
2023-07-22 17:57:32,649 [main] INFO open url - click on loginbutton
2023-07-22 17:57:32,663 [main] INFO open url - show page title
2023-07-22 17:57:38,668 [main] INFO open url - close browser
2023-07-22 17:57:40,548 [main] INFO open url - open page
2023-07-22 17:57:42,518 [main] INFO open url - open ecomerse app
2023-07-22 17:57:43,126 [main] INFO open url - open login
2023-07-22 17:57:48,225 [main] INFO open url - enter username
2023-07-22 17:57:53,331 [main] INFO open url - enter password
2023-07-22 17:57:53,827 [main] INFO open url - click on loginbutton
2023-07-22 17:57:53,924 [main] INFO open url - show page title
2023-07-22 17:57:59,930 [main] INFO open url - close browser
2023-07-22 17:58:02,042 [main] INFO open url - open page
2023-07-22 17:58:03,251 [main] INFO open url - open ecomerse app
2023-07-22 17:58:03,827 [main] INFO open url - open login
2023-07-22 17:58:08,920 [main] INFO open url - enter username
2023-07-22 17:58:14,038 [main] INFO open url - enter password
2023-07-22 17:58:14,505 [main] INFO open url - click on loginbutton
2023-07-22 17:58:14,638 [main] INFO open url - show page title
2023-07-22 17:58:20,651 [main] INFO open url - close browser
2023-07-22 18:02:19,138 [main] INFO open url - open page
2023-07-22 18:02:22,148 [main] INFO open url - open ecomerse app
2023-07-22 18:02:23,552 [main] INFO open url - regester here
2023-07-22 18:02:23,627 [main] INFO open url - male user
2023-07-22 18:02:23,719 [main] INFO open url - enter name
2023-07-22 18:02:23,843 [main] INFO open url - enter lastname
2023-07-22 18:02:24,922 [main] INFO open url - select day
2023-07-22 18:02:25,331 [main] INFO open url - select month
2023-07-22 18:02:29,445 [main] INFO open url - select year
2023-07-22 18:02:29,543 [main] INFO open url - enter email
2023-07-22 18:02:32,816 [main] INFO open url - scroll down till element
2023-07-22 18:02:35,914 [main] INFO open url - enter password
2023-07-22 18:02:36,006 [main] INFO open url - confirm pass
2023-07-22 18:03:03,109 [main] INFO open url - close browser
2023-07-22 18:03:05,028 [main] INFO open url - open page
2023-07-22 18:03:07,298 [main] INFO open url - open ecomerse app
2023-07-22 18:03:08,663 [main] INFO open url - regester here
2023-07-22 18:03:08,744 [main] INFO open url - male user
2023-07-22 18:03:08,823 [main] INFO open url - enter name
2023-07-22 18:03:08,905 [main] INFO open url - enter lastname
2023-07-22 18:03:09,910 [main] INFO open url - select day
2023-07-22 18:03:10,297 [main] INFO open url - select month
2023-07-22 18:03:14,152 [main] INFO open url - select year
2023-07-22 18:03:14,245 [main] INFO open url - enter email
2023-07-22 18:03:17,279 [main] INFO open url - scroll down till element
2023-07-22 18:03:20,384 [main] INFO open url - enter password
2023-07-22 18:03:20,473 [main] INFO open url - confirm pass
2023-07-22 18:03:47,705 [main] INFO open url - close browser
2023-07-22 19:17:40,344 [main] INFO open url - open page
2023-07-22 19:17:43,695 [main] INFO open url - open ecomerse app
2023-07-22 19:17:44,662 [main] INFO open url - regester here
2023-07-22 19:17:44,757 [main] INFO open url - male user
2023-07-22 19:17:44,867 [main] INFO open url - enter name
2023-07-22 19:17:44,978 [main] INFO open url - enter lastname
2023-07-22 19:17:46,184 [main] INFO open url - select day
2023-07-22 19:17:46,623 [main] INFO open url - select month
2023-07-22 19:17:51,033 [main] INFO open url - select year
2023-07-22 19:17:51,137 [main] INFO open url - enter email
2023-07-22 19:17:54,199 [main] INFO open url - scroll down till element
2023-07-22 19:17:57,312 [main] INFO open url - enter password
2023-07-22 19:17:57,411 [main] INFO open url - confirm pass
2023-07-22 19:17:58,670 [main] INFO open url - done
2023-07-22 19:18:04,692 [main] INFO open url - close browser
2023-07-22 19:21:04,870 [main] INFO open url - open page
2023-07-22 19:21:07,772 [main] INFO open url - open ecomerse app
2023-07-22 19:21:09,518 [main] INFO open url - regester here
2023-07-22 19:21:09,688 [main] INFO open url - male user
2023-07-22 19:21:09,937 [main] INFO open url - enter name
2023-07-22 19:21:10,117 [main] INFO open url - enter lastname
2023-07-22 19:21:11,372 [main] INFO open url - select day
2023-07-22 19:21:11,810 [main] INFO open url - select month
2023-07-22 19:21:16,099 [main] INFO open url - select year
2023-07-22 19:21:16,214 [main] INFO open url - enter email
2023-07-22 19:21:19,281 [main] INFO open url - scroll down till element
2023-07-22 19:21:22,376 [main] INFO open url - enter password
2023-07-22 19:21:22,467 [main] INFO open url - confirm pass
2023-07-22 19:21:23,786 [main] INFO open url - done
2023-07-22 19:21:29,812 [main] INFO open url - close browser
2023-07-22 19:24:36,773 [main] INFO open url - open page
2023-07-22 19:24:39,523 [main] INFO open url - open ecomerse app
2023-07-22 19:24:41,134 [main] INFO open url - open login
2023-07-22 19:24:46,284 [main] INFO open url - enter username
2023-07-22 19:24:51,433 [main] INFO open url - enter password
2023-07-22 19:24:51,960 [main] INFO open url - click on loginbutton
2023-07-22 19:24:52,069 [main] INFO open url - show page title
2023-07-22 19:24:58,100 [main] INFO open url - close browser
2023-07-22 19:25:00,504 [main] INFO open url - open page
2023-07-22 19:25:02,968 [main] INFO open url - open ecomerse app
2023-07-22 19:25:03,749 [main] INFO open url - open login
2023-07-22 19:25:08,965 [main] INFO open url - enter username
2023-07-22 19:25:14,084 [main] INFO open url - enter password
2023-07-22 19:25:14,715 [main] INFO open url - click on loginbutton
2023-07-22 19:25:14,730 [main] INFO open url - show page title
2023-07-22 19:25:20,735 [main] INFO open url - close browser
2023-07-22 19:25:23,920 [main] INFO open url - open page
2023-07-22 19:25:25,229 [main] INFO open url - open ecomerse app
2023-07-22 19:25:25,988 [main] INFO open url - open login
2023-07-22 19:25:31,172 [main] INFO open url - enter username
2023-07-22 19:25:36,267 [main] INFO open url - enter password
2023-07-22 19:25:37,170 [main] INFO open url - click on loginbutton
2023-07-22 19:25:37,202 [main] INFO open url - show page title
2023-07-22 19:25:43,215 [main] INFO open url - close browser
2023-07-22 19:25:46,135 [main] INFO open url - open page
2023-07-22 19:25:47,397 [main] INFO open url - open ecomerse app
2023-07-22 19:25:48,041 [main] INFO open url - open login
2023-07-22 19:25:53,153 [main] INFO open url - enter username
2023-07-22 19:25:58,418 [main] INFO open url - enter password
2023-07-22 19:25:58,929 [main] INFO open url - click on loginbutton
2023-07-22 19:25:59,033 [main] INFO open url - show page title
2023-07-22 19:26:05,046 [main] INFO open url - close browser
2023-07-22 19:26:08,710 [main] INFO open url - open page
2023-07-22 19:26:10,092 [main] INFO open url - open ecomerse app
2023-07-22 19:26:11,443 [main] INFO open url - open login
2023-07-22 19:26:16,564 [main] INFO open url - enter username
2023-07-22 19:26:21,691 [main] INFO open url - enter password
2023-07-22 19:26:22,188 [main] INFO open url - click on loginbutton
2023-07-22 19:26:22,330 [main] INFO open url - show page title
2023-07-22 19:26:28,348 [main] INFO open url - close browser
2023-07-22 19:47:47,682 [main] INFO open url - open page
2023-07-22 19:47:50,440 [main] INFO open url - open ecomerse app
2023-07-22 19:47:51,912 [main] INFO open url - regester here
2023-07-22 19:47:51,995 [main] INFO open url - male user
2023-07-22 19:47:52,122 [main] INFO open url - enter name
2023-07-22 19:47:52,216 [main] INFO open url - enter lastname
2023-07-22 19:47:53,688 [main] INFO open url - select day
2023-07-22 19:47:54,094 [main] INFO open url - select month
2023-07-22 19:47:58,305 [main] INFO open url - select year
2023-07-22 19:47:58,400 [main] INFO open url - enter email
2023-07-22 19:48:01,455 [main] INFO open url - scroll down till element
2023-07-22 19:48:04,573 [main] INFO open url - enter password
2023-07-22 19:48:04,656 [main] INFO open url - confirm pass
2023-07-22 19:48:05,769 [main] INFO open url - done
2023-07-22 19:48:11,793 [main] INFO open url - close browser
2023-07-22 19:50:31,461 [main] INFO open url - open page
2023-07-22 19:50:34,355 [main] INFO open url - open ecomerse app
2023-07-22 19:50:35,014 [main] INFO open url - regester here
2023-07-22 19:50:35,098 [main] INFO open url - male user
2023-07-22 19:50:35,220 [main] INFO open url - enter name
2023-07-22 19:50:35,322 [main] INFO open url - enter lastname
2023-07-22 19:50:36,476 [main] INFO open url - select day
2023-07-22 19:50:36,936 [main] INFO open url - select month
2023-07-22 19:50:41,615 [main] INFO open url - select year
2023-07-22 19:50:41,707 [main] INFO open url - enter email
2023-07-22 19:50:44,794 [main] INFO open url - scroll down till element
2023-07-22 19:50:47,917 [main] INFO open url - enter password
2023-07-22 19:50:47,994 [main] INFO open url - confirm pass
2023-07-22 19:50:49,187 [main] INFO open url - done
2023-07-22 19:50:55,226 [main] INFO open url - close browser
2023-07-22 19:52:58,326 [main] INFO open url - open page
2023-07-22 19:53:00,612 [main] INFO open url - open ecomerse app
2023-07-22 19:53:01,237 [main] INFO open url - regester here
2023-07-22 19:53:01,311 [main] INFO open url - male user
2023-07-22 19:53:01,396 [main] INFO open url - enter name
2023-07-22 19:53:01,487 [main] INFO open url - enter lastname
2023-07-22 19:53:02,639 [main] INFO open url - select day
2023-07-22 19:53:03,066 [main] INFO open url - select month
2023-07-22 19:53:07,183 [main] INFO open url - select year
2023-07-22 19:53:07,278 [main] INFO open url - enter email
2023-07-22 19:53:10,302 [main] INFO open url - scroll down till element
2023-07-22 19:53:13,426 [main] INFO open url - enter password
2023-07-22 19:53:13,524 [main] INFO open url - confirm pass
2023-07-22 19:53:41,176 [main] INFO open url - close browser
2023-07-22 19:53:43,081 [main] INFO open url - open page
2023-07-22 19:53:45,054 [main] INFO open url - open ecomerse app
2023-07-22 19:53:45,637 [main] INFO open url - regester here
2023-07-22 19:53:45,716 [main] INFO open url - male user
2023-07-22 19:53:45,819 [main] INFO open url - enter name
2023-07-22 19:53:45,935 [main] INFO open url - enter lastname
2023-07-22 19:53:46,936 [main] INFO open url - select day
2023-07-22 19:53:47,512 [main] INFO open url - select month
2023-07-22 19:53:51,833 [main] INFO open url - select year
2023-07-22 19:53:51,922 [main] INFO open url - enter email
2023-07-22 19:53:54,965 [main] INFO open url - scroll down till element
2023-07-22 19:53:58,057 [main] INFO open url - enter password
2023-07-22 19:53:58,134 [main] INFO open url - confirm pass
2023-07-22 19:54:25,567 [main] INFO open url - close browser
2023-07-22 20:01:28,374 [main] INFO open url - open page
2023-07-22 20:01:29,797 [main] INFO open url - open ecomerse app
2023-07-22 20:01:33,900 [main] INFO open url - regester here
2023-07-22 20:01:33,971 [main] INFO open url - male user
2023-07-22 20:01:34,052 [main] INFO open url - enter name
2023-07-22 20:01:34,122 [main] INFO open url - enter lastname
2023-07-22 20:01:35,233 [main] INFO open url - select day
2023-07-22 20:01:35,662 [main] INFO open url - select month
2023-07-22 20:01:39,848 [main] INFO open url - select year
2023-07-22 20:01:39,933 [main] INFO open url - enter email
2023-07-22 20:01:43,003 [main] INFO open url - scroll down till element
2023-07-22 20:01:46,159 [main] INFO open url - enter password
2023-07-22 20:01:46,234 [main] INFO open url - confirm pass
2023-07-22 20:02:13,581 [main] INFO open url - close browser
2023-07-22 20:02:15,201 [main] INFO open url - open page
2023-07-22 20:02:16,821 [main] INFO open url - open ecomerse app
2023-07-22 20:02:17,492 [main] INFO open url - regester here
2023-07-22 20:02:17,559 [main] INFO open url - male user
2023-07-22 20:02:17,631 [main] INFO open url - enter name
2023-07-22 20:02:17,700 [main] INFO open url - enter lastname
2023-07-22 20:02:18,916 [main] INFO open url - select day
2023-07-22 20:02:19,358 [main] INFO open url - select month
2023-07-22 20:02:23,345 [main] INFO open url - select year
2023-07-22 20:02:23,429 [main] INFO open url - enter email
2023-07-22 20:02:26,490 [main] INFO open url - scroll down till element
2023-07-22 20:02:29,580 [main] INFO open url - enter password
2023-07-22 20:02:29,662 [main] INFO open url - confirm pass
2023-07-22 20:02:57,603 [main] INFO open url - close browser
2023-07-22 20:08:13,142 [main] INFO open url - open page
2023-07-22 20:08:15,212 [main] INFO open url - open ecomerse app
2023-07-22 20:08:16,722 [main] INFO open url - regester here
2023-07-22 20:08:16,791 [main] INFO open url - male user
2023-07-22 20:08:16,871 [main] INFO open url - enter name
2023-07-22 20:08:16,945 [main] INFO open url - enter lastname
2023-07-22 20:08:18,188 [main] INFO open url - select day
2023-07-22 20:08:18,614 [main] INFO open url - select month
2023-07-22 20:08:22,924 [main] INFO open url - select year
2023-07-22 20:08:23,008 [main] INFO open url - enter email
2023-07-22 20:08:26,076 [main] INFO open url - scroll down till element
2023-07-22 20:08:29,243 [main] INFO open url - enter password
2023-07-22 20:08:29,356 [main] INFO open url - confirm pass
2023-07-22 20:09:35,317 [main] INFO open url - open page
2023-07-22 20:09:37,832 [main] INFO open url - open ecomerse app
2023-07-22 20:09:38,492 [main] INFO open url - regester here
2023-07-22 20:09:38,568 [main] INFO open url - male user
2023-07-22 20:09:38,668 [main] INFO open url - enter name
2023-07-22 20:09:38,793 [main] INFO open url - enter lastname
2023-07-22 20:09:39,924 [main] INFO open url - select day
2023-07-22 20:09:40,326 [main] INFO open url - select month
2023-07-22 20:09:44,573 [main] INFO open url - select year
2023-07-22 20:09:44,650 [main] INFO open url - enter email
2023-07-22 20:09:47,704 [main] INFO open url - scroll down till element
2023-07-22 20:09:50,835 [main] INFO open url - enter password
2023-07-22 20:09:50,906 [main] INFO open url - confirm pass
2023-07-22 20:10:18,636 [main] INFO open url - close browser
2023-07-22 20:10:20,259 [main] INFO open url - open page
2023-07-22 20:10:21,439 [main] INFO open url - open ecomerse app
2023-07-22 20:10:21,986 [main] INFO open url - regester here
2023-07-22 20:10:22,062 [main] INFO open url - male user
2023-07-22 20:10:22,137 [main] INFO open url - enter name
2023-07-22 20:10:22,211 [main] INFO open url - enter lastname
2023-07-22 20:10:23,221 [main] INFO open url - select day
2023-07-22 20:10:23,618 [main] INFO open url - select month
2023-07-22 20:10:27,671 [main] INFO open url - select year
2023-07-22 20:10:27,747 [main] INFO open url - enter email
2023-07-22 20:10:30,811 [main] INFO open url - scroll down till element
2023-07-22 20:10:33,971 [main] INFO open url - enter password
2023-07-22 20:10:34,065 [main] INFO open url - confirm pass
2023-07-22 20:11:01,780 [main] INFO open url - close browser
2023-07-22 20:21:11,870 [main] INFO open url - open page
2023-07-22 20:21:15,377 [main] INFO open url - open ecomerse app
2023-07-22 20:21:16,140 [main] INFO open url - regester here
2023-07-22 20:21:16,248 [main] INFO open url - male user
2023-07-22 20:21:16,359 [main] INFO open url - enter name
2023-07-22 20:21:16,454 [main] INFO open url - enter lastname
2023-07-22 20:21:18,343 [main] INFO open url - select day
2023-07-22 20:21:18,889 [main] INFO open url - select month
2023-07-22 20:21:25,760 [main] INFO open url - select year
2023-07-22 20:21:25,854 [main] INFO open url - enter email
2023-07-22 20:21:28,946 [main] INFO open url - scroll down till element
2023-07-22 20:21:32,117 [main] INFO open url - enter password
2023-07-22 20:21:32,295 [main] INFO open url - confirm pass
2023-07-22 20:22:00,075 [main] INFO open url - close browser
2023-07-22 20:22:03,190 [main] INFO open url - open page
2023-07-22 20:22:05,398 [main] INFO open url - open ecomerse app
2023-07-22 20:22:06,918 [main] INFO open url - regester here
2023-07-22 20:22:07,000 [main] INFO open url - male user
2023-07-22 20:22:07,074 [main] INFO open url - enter name
2023-07-22 20:22:07,153 [main] INFO open url - enter lastname
2023-07-22 20:22:08,300 [main] INFO open url - select day
2023-07-22 20:22:08,693 [main] INFO open url - select month
2023-07-22 20:22:12,748 [main] INFO open url - select year
2023-07-22 20:22:12,832 [main] INFO open url - enter email
2023-07-22 20:22:15,873 [main] INFO open url - scroll down till element
2023-07-22 20:22:18,984 [main] INFO open url - enter password
2023-07-22 20:22:19,067 [main] INFO open url - confirm pass
2023-07-22 20:22:49,758 [main] INFO open url - close browser
2023-07-22 20:26:05,723 [main] INFO open url - open page
2023-07-22 20:26:09,370 [main] INFO open url - open ecomerse app
2023-07-22 20:26:11,136 [main] INFO open url - regester here
2023-07-22 20:26:11,203 [main] INFO open url - male user
2023-07-22 20:26:11,300 [main] INFO open url - enter name
2023-07-22 20:26:11,367 [main] INFO open url - enter lastname
2023-07-22 20:26:12,509 [main] INFO open url - select day
2023-07-22 20:26:12,925 [main] INFO open url - select month
2023-07-22 20:26:17,302 [main] INFO open url - select year
2023-07-22 20:26:17,383 [main] INFO open url - enter email
2023-07-22 20:26:20,453 [main] INFO open url - scroll down till element
2023-07-22 20:26:23,633 [main] INFO open url - enter password
2023-07-22 20:26:23,706 [main] INFO open url - confirm pass
2023-07-22 20:26:50,893 [main] INFO open url - close browser
2023-07-22 20:26:52,922 [main] INFO open url - open page
2023-07-22 20:26:56,099 [main] INFO open url - open ecomerse app
2023-07-22 20:26:56,956 [main] INFO open url - regester here
2023-07-22 20:26:57,045 [main] INFO open url - male user
2023-07-22 20:26:57,133 [main] INFO open url - enter name
2023-07-22 20:26:57,228 [main] INFO open url - enter lastname
2023-07-22 20:26:58,400 [main] INFO open url - select day
2023-07-22 20:26:58,781 [main] INFO open url - select month
2023-07-22 20:27:03,218 [main] INFO open url - select year
2023-07-22 20:27:03,293 [main] INFO open url - enter email
2023-07-22 20:27:06,346 [main] INFO open url - scroll down till element
2023-07-22 20:27:09,457 [main] INFO open url - enter password
2023-07-22 20:27:09,531 [main] INFO open url - confirm pass
2023-07-22 20:27:36,886 [main] INFO open url - close browser
2023-07-22 20:28:11,821 [main] INFO open url - open page
2023-07-22 20:28:13,232 [main] INFO open url - open ecomerse app
2023-07-22 20:28:13,857 [main] INFO open url - regester here
2023-07-22 20:28:13,935 [main] INFO open url - male user
2023-07-22 20:28:14,024 [main] INFO open url - enter name
2023-07-22 20:28:14,109 [main] INFO open url - enter lastname
2023-07-22 20:28:15,308 [main] INFO open url - select day
2023-07-22 20:28:15,779 [main] INFO open url - select month
2023-07-22 20:28:20,024 [main] INFO open url - select year
2023-07-22 20:28:20,115 [main] INFO open url - enter email
2023-07-22 20:28:23,146 [main] INFO open url - scroll down till element
2023-07-22 20:28:26,301 [main] INFO open url - enter password
2023-07-22 20:28:26,374 [main] INFO open url - confirm pass
2023-07-22 20:28:53,799 [main] INFO open url - close browser
2023-07-22 20:28:56,431 [main] INFO open url - open page
2023-07-22 20:28:58,625 [main] INFO open url - open ecomerse app
2023-07-22 20:28:59,211 [main] INFO open url - regester here
2023-07-22 20:28:59,287 [main] INFO open url - male user
2023-07-22 20:28:59,379 [main] INFO open url - enter name
2023-07-22 20:28:59,448 [main] INFO open url - enter lastname
2023-07-22 20:29:00,460 [main] INFO open url - select day
2023-07-22 20:29:00,829 [main] INFO open url - select month
2023-07-22 20:29:04,775 [main] INFO open url - select year
2023-07-22 20:29:04,859 [main] INFO open url - enter email
2023-07-22 20:29:07,914 [main] INFO open url - scroll down till element
2023-07-22 20:29:11,055 [main] INFO open url - enter password
2023-07-22 20:29:11,131 [main] INFO open url - confirm pass
2023-07-22 20:29:38,906 [main] INFO open url - close browser
2023-07-23 16:21:22,301 [main] INFO open url - open page
2023-07-23 16:21:25,071 [main] INFO open url - open ecomerse app
2023-07-23 16:21:26,985 [main] INFO open url - regester here
2023-07-23 16:21:27,153 [main] INFO open url - male user
2023-07-23 16:21:27,370 [main] INFO open url - enter name
2023-07-23 16:21:27,562 [main] INFO open url - enter lastname
2023-07-23 16:21:28,793 [main] INFO open url - select day
2023-07-23 16:21:29,222 [main] INFO open url - select month
2023-07-23 16:21:33,963 [main] INFO open url - select year
2023-07-23 16:21:34,049 [main] INFO open url - enter email
2023-07-23 16:21:37,132 [main] INFO open url - scroll down till element
2023-07-23 16:21:40,400 [main] INFO open url - enter password
2023-07-23 16:21:40,584 [main] INFO open url - confirm pass
2023-07-25 12:58:14,472 [main] INFO open url - open page
2023-07-25 12:58:18,535 [main] INFO open url - open ecomerse app
2023-07-25 12:59:31,321 [main] INFO open url - close browser
